Using pre-set license
Built from '2022.3/staging' branch; Version is '2022.3.10f1 (ff3792e53c62) revision 16725906'; Using compiler version '192829333'; Build Type 'Release'
OS: 'Windows 11  (10.0.22631) 64bit Core' Language: 'es' Physical Memory: 16228 MB
BatchMode: 1, IsHumanControllingUs: 0, StartBugReporterOnCrash: 0, Is64bit: 1, IsPro: 1

COMMAND LINE ARGUMENTS:
C:\Program Files\Unity\Hub\Editor\2022.3.10f1\Editor\Unity.exe
-adb2
-batchMode
-noUpm
-name
AssetImportWorker4
-projectPath
C:/Users/pablo/OneDrive - Abertay University/WORK/DISSERTATION/Traffic System
-logFile
Logs/AssetImportWorker4.log
-srvPort
51643
Successfully changed project path to: C:/Users/pablo/OneDrive - Abertay University/WORK/DISSERTATION/Traffic System
C:/Users/pablo/OneDrive - Abertay University/WORK/DISSERTATION/Traffic System
[UnityMemory] Configuration Parameters - Can be set up in boot.config
    "memorysetup-bucket-allocator-granularity=16"
    "memorysetup-bucket-allocator-bucket-count=8"
    "memorysetup-bucket-allocator-block-size=33554432"
    "memorysetup-bucket-allocator-block-count=8"
    "memorysetup-main-allocator-block-size=16777216"
    "memorysetup-thread-allocator-block-size=16777216"
    "memorysetup-gfx-main-allocator-block-size=16777216"
    "memorysetup-gfx-thread-allocator-block-size=16777216"
    "memorysetup-cache-allocator-block-size=4194304"
    "memorysetup-typetree-allocator-block-size=2097152"
    "memorysetup-profiler-bucket-allocator-granularity=16"
    "memorysetup-profiler-bucket-allocator-bucket-count=8"
    "memorysetup-profiler-bucket-allocator-block-size=33554432"
    "memorysetup-profiler-bucket-allocator-block-count=8"
    "memorysetup-profiler-allocator-block-size=16777216"
    "memorysetup-profiler-editor-allocator-block-size=1048576"
    "memorysetup-temp-allocator-size-main=16777216"
    "memorysetup-job-temp-allocator-block-size=2097152"
    "memorysetup-job-temp-allocator-block-size-background=1048576"
    "memorysetup-job-temp-allocator-reduction-small-platforms=262144"
    "memorysetup-allocator-temp-initial-block-size-main=262144"
    "memorysetup-allocator-temp-initial-block-size-worker=262144"
    "memorysetup-temp-allocator-size-background-worker=32768"
    "memorysetup-temp-allocator-size-job-worker=262144"
    "memorysetup-temp-allocator-size-preload-manager=33554432"
    "memorysetup-temp-allocator-size-nav-mesh-worker=65536"
    "memorysetup-temp-allocator-size-audio-worker=65536"
    "memorysetup-temp-allocator-size-cloud-worker=32768"
    "memorysetup-temp-allocator-size-gi-baking-worker=262144"
    "memorysetup-temp-allocator-size-gfx=262144"
Player connection [14756] Host "[IP] 10.247.1.186 [Port] 0 [Flags] 2 [Guid] 2279613545 [EditorId] 2279613545 [Version] 1048832 [Id] WindowsEditor(7,MSI) [Debug] 1 [PackageName] WindowsEditor [ProjectName] Editor" joined multi-casting on [225.0.0.222:54997]...

Player connection [14756] Host "[IP] 10.247.1.186 [Port] 0 [Flags] 2 [Guid] 2279613545 [EditorId] 2279613545 [Version] 1048832 [Id] WindowsEditor(7,MSI) [Debug] 1 [PackageName] WindowsEditor [ProjectName] Editor" joined alternative multi-casting on [225.0.0.222:34997]...

[Physics::Module] Initialized MultithreadedJobDispatcher with 11 workers.
Refreshing native plugins compatible for Editor in 9.42 ms, found 3 plugins.
Preloading 0 native plugins for Editor in 0.00 ms.
Initialize engine version: 2022.3.10f1 (ff3792e53c62)
[Subsystems] Discovering subsystems at path C:/Program Files/Unity/Hub/Editor/2022.3.10f1/Editor/Data/Resources/UnitySubsystems
[Subsystems] Discovering subsystems at path C:/Users/pablo/OneDrive - Abertay University/WORK/DISSERTATION/Traffic System/Assets
GfxDevice: creating device client; threaded=0; jobified=0
Direct3D:
    Version:  Direct3D 11.0 [level 11.1]
    Renderer: NVIDIA GeForce GTX 1660 Ti (ID=0x2191)
    Vendor:   NVIDIA
    VRAM:     5991 MB
    Driver:   31.0.15.1694
Initialize mono
Mono path[0] = 'C:/Program Files/Unity/Hub/Editor/2022.3.10f1/Editor/Data/Managed'
Mono path[1] = 'C:/Program Files/Unity/Hub/Editor/2022.3.10f1/Editor/Data/MonoBleedingEdge/lib/mono/unityjit-win32'
Mono config path = 'C:/Program Files/Unity/Hub/Editor/2022.3.10f1/Editor/Data/MonoBleedingEdge/etc'
Using monoOptions --debugger-agent=transport=dt_socket,embedding=1,server=y,suspend=n,address=127.0.0.1:56996
Begin MonoManager ReloadAssembly
Registering precompiled unity dll's ...
Register platform support module: C:/Program Files/Unity/Hub/Editor/2022.3.10f1/Editor/Data/PlaybackEngines/WebGLSupport/UnityEditor.WebGL.Extensions.dll
Register platform support module: C:/Program Files/Unity/Hub/Editor/2022.3.10f1/Editor/Data/PlaybackEngines/WindowsStandaloneSupport/UnityEditor.WindowsStandalone.Extensions.dll
Registered in 0.009733 seconds.
- Loaded All Assemblies, in  0.354 seconds
Native extension for WindowsStandalone target not found
Native extension for WebGL target not found
Mono: successfully reloaded assembly
- Finished resetting the current domain, in  0.258 seconds
Domain Reload Profiling: 611ms
	BeginReloadAssembly (102ms)
		ExecutionOrderSort (0ms)
		DisableScriptedObjects (0ms)
		BackupInstance (0ms)
		ReleaseScriptingObjects (0ms)
		CreateAndSetChildDomain (1ms)
	RebuildCommonClasses (34ms)
	RebuildNativeTypeToScriptingClass (12ms)
	initialDomainReloadingComplete (61ms)
	LoadAllAssembliesAndSetupDomain (143ms)
		LoadAssemblies (100ms)
		RebuildTransferFunctionScriptingTraits (0ms)
		AnalyzeDomain (141ms)
			TypeCache.Refresh (140ms)
				TypeCache.ScanAssembly (126ms)
			ScanForSourceGeneratedMonoScriptInfo (0ms)
			ResolveRequiredComponents (0ms)
	FinalizeReload (259ms)
		ReleaseScriptCaches (0ms)
		RebuildScriptCaches (0ms)
		SetupLoadedEditorAssemblies (195ms)
			LogAssemblyErrors (0ms)
			InitializePlatformSupportModulesInManaged (11ms)
			SetLoadedEditorAssemblies (6ms)
			RefreshPlugins (0ms)
			BeforeProcessingInitializeOnLoad (2ms)
			ProcessInitializeOnLoadAttributes (126ms)
			ProcessInitializeOnLoadMethodAttributes (49ms)
			AfterProcessingInitializeOnLoad (0ms)
			EditorAssembliesLoaded (0ms)
		ExecutionOrderSort2 (0ms)
		AwakeInstancesAfterBackupRestoration (0ms)
========================================================================
Worker process is ready to serve import requests
Begin MonoManager ReloadAssembly
- Loaded All Assemblies, in  0.716 seconds
Refreshing native plugins compatible for Editor in 3.38 ms, found 3 plugins.
Native extension for WindowsStandalone target not found
Native extension for WebGL target not found
Package Manager log level set to [2]
[Package Manager] Server::EnsureServerProcessIsRunning -- launch failed, reason: Unity was launched with the -noUpm command-line argument
[Package Manager] UpmClient::Send -- Unable to send message (not connected to UPM process).
[Package Manager] Cannot connect to Unity Package Manager local server
Mono: successfully reloaded assembly
- Finished resetting the current domain, in  0.716 seconds
Domain Reload Profiling: 1428ms
	BeginReloadAssembly (190ms)
		ExecutionOrderSort (0ms)
		DisableScriptedObjects (7ms)
		BackupInstance (0ms)
		ReleaseScriptingObjects (0ms)
		CreateAndSetChildDomain (27ms)
	RebuildCommonClasses (51ms)
	RebuildNativeTypeToScriptingClass (12ms)
	initialDomainReloadingComplete (43ms)
	LoadAllAssembliesAndSetupDomain (416ms)
		LoadAssemblies (347ms)
		RebuildTransferFunctionScriptingTraits (0ms)
		AnalyzeDomain (181ms)
			TypeCache.Refresh (160ms)
				TypeCache.ScanAssembly (146ms)
			ScanForSourceGeneratedMonoScriptInfo (15ms)
			ResolveRequiredComponents (4ms)
	FinalizeReload (717ms)
		ReleaseScriptCaches (0ms)
		RebuildScriptCaches (0ms)
		SetupLoadedEditorAssemblies (571ms)
			LogAssemblyErrors (0ms)
			InitializePlatformSupportModulesInManaged (7ms)
			SetLoadedEditorAssemblies (4ms)
			RefreshPlugins (0ms)
			BeforeProcessingInitializeOnLoad (92ms)
			ProcessInitializeOnLoadAttributes (442ms)
			ProcessInitializeOnLoadMethodAttributes (18ms)
			AfterProcessingInitializeOnLoad (7ms)
			EditorAssembliesLoaded (0ms)
		ExecutionOrderSort2 (0ms)
		AwakeInstancesAfterBackupRestoration (8ms)
Launched and connected shader compiler UnityShaderCompiler.exe after 0.04 seconds
Refreshing native plugins compatible for Editor in 6.71 ms, found 3 plugins.
Preloading 0 native plugins for Editor in 0.00 ms.
Unloading 3448 Unused Serialized files (Serialized files now loaded: 0)
Unloading 38 unused Assets / (56.9 KB). Loaded Objects now: 3926.
Memory consumption went from 133.7 MB to 133.6 MB.
Total: 3.530300 ms (FindLiveObjects: 0.279300 ms CreateObjectMapping: 0.449100 ms MarkObjects: 2.709900 ms  DeleteObjects: 0.091000 ms)

AssetImportParameters requested are different than current active one (requested -> active):
  custom:scripting/monoscript/fileName/ProOnlyRangeDrawer.cs: 06dbe8928c84ff230293cb0233df1ecf -> 
  custom:scripting/monoscript/fileName/UMouseExample.cs: 06ff0cf67586c692ac70428e7b92deb0 -> 
  custom:container-demuxer-ogg: 62fdf1f143b41e24485cea50d1cbac27 -> 
  custom:scripting/monoscript/fileName/UaMenu.cs: 82495984b996c9bd458f6dae6952899d -> 
  custom:scripting/monoscript/fileName/TypeSpecBus.cs: bdf891ea43972f99bd350e20e54e2548 -> 
  custom:scripting/monoscript/fileName/LUAppState.cs: dd879bee3a6e5af3d4125fb39f7658a2 -> 
  custom:video-decoder-ogg-theora: a1e56fd34408186e4bbccfd4996cb3dc -> 
  custom:scripting/monoscript/fileName/UStateHandlerExample.cs: e2354a47a3578f345f469a64b7c2ae88 -> 
  custom:scripting/monoscript/fileName/TypeSpecCar.cs: 4ae669c0479d6ce0b8b48d42f088c449 -> 
  custom:framework-win-MediaFoundation: 216162199b28c13a410421893ffa2e32 -> 
  custom:scripting/monoscript/fileName/VRoadProWindow.cs: 5c5b5f6b5b4591c405e6482a71222208 -> 
  custom:scripting/monoscript/fileName/URunTraffic.cs: ecda640a73b5f1869b517619e1535e85 -> 
  custom:scripting/monoscript/fileName/UaPlaySim.cs: 961b6e95b7d27f67e651da849808769f -> 
  custom:CustomObjectIndexerAttribute: 756ad292c208cfabdd7b50bc23989ffe -> 
  custom:scripting/monoscript/fileName/UBuildMap.cs: ba6ca95d60e8dfb71d7ea960ed721b0a -> 
  custom:scripting/monoscript/fileName/UaCamControllerMain.cs: 608d6bfa8bce69f6af7eb0956d66c3f8 -> 
  custom:scripting/monoscript/fileName/Inspectable.cs: 8ead47a13b172630a7ed4c5efe8f13a0 -> 
  custom:container-demuxer-webm: 4f35f7cbe854078d1ac9338744f61a02 -> 
  custom:scripting/monoscript/fileName/UaMapMesh.cs: b66190f0285420f3bc2605dda63a5078 -> 
  custom:scripting/monoscript/fileName/UaBotHandler.cs: 795d79af38c398cb95c812b8006d49f7 -> 
  custom:scripting/monoscript/fileName/UaMapMeshMod.cs: c4833c742638c0c376d232484c33ef08 -> 
  custom:scripting/monoscript/fileName/UaMouse.cs: 990db2078e3ac352b1ad7f578047ae37 -> 
  custom:scripting/monoscript/fileName/TypeSpecTrailer.cs: c3ba11576f622c42f695f463ca32201e -> 
  custom:scripting/monoscript/fileName/VRoadEditorWindow.cs: 4521b77ca15c3f0d13a89bae499f7fad -> 
  custom:container-muxer-webm: aa71ff27fc2769a1b78a27578f13a17b -> 
  custom:scripting/monoscript/fileName/UPlaySimExamplePrefab.cs: d45adc0f0aa2cbdc230e508f78c98512 -> 
  custom:scripting/monoscript/fileName/SubMesh.cs: 97ce68bef3a65664402b82bdbf7ec7f2 -> 
  custom:video-decoder-webm-vp8: 9c59270c3fd7afecdb556c50c9e8de78 -> 
  custom:scripting/monoscript/fileName/MeshTools.cs: bc8e9953a6f81d796be6a4867efbeca6 -> 
  custom:SearchIndexIgnoredProperties: e643bd26f0fe6173181afceb89e7c659 -> 
  custom:AudioImporter_EditorPlatform: d09bf68614088b80899f8185d706f6e7 -> 
  custom:scripting/monoscript/fileName/XyzExtensions.cs: 699a038b2c4b7bdfd27595f05c673221 -> 
  custom:scripting/monoscript/fileName/ProOnlyDrawer.cs: 140c74f6d98aa6a2f75693f5a2cf72de -> 
  custom:scripting/monoscript/fileName/URunTrafficAndroid.cs: 13ba57ee74ec160ed8ca441a704aed81 -> 
  custom:scripting/monoscript/fileName/UPlaySimExample.cs: db2853e1d5d0b0b01a3cea3bd2175faa -> 
  custom:scripting/monoscript/fileName/SceneSaveMonitor.cs: 002ada5a09e4c3ea15cbb45620dd9ea4 -> 
  custom:scripting/monoscript/fileName/NamedSubMesh.cs: f9f93af626b46fe3d18408f6771d72b8 -> 
  custom:scripting/monoscript/fileName/TypeSpecTruck.cs: 4e1a951ed4ac097814c5926b8bcf0bd6 -> 
  custom:video-encoder-webm-vp8: eb34c28f22e8b96e1ab97ce403110664 -> 
  custom:scripting/monoscript/fileName/UExitHandler.cs: 65b422a42c87c5906ca5ab6c9917cd3f -> 
  custom:scripting/monoscript/fileName/ReadOnlyDrawer.cs: b26c4fb1328166ff0500ab0eb78a23c9 -> 
  custom:scripting/monoscript/fileName/AnimatorPedEventReceiver.cs: 02970d66fc89aa32d11fbf4ed57b2393 -> 
  custom:audio-decoder-ogg-vorbis: bf7c407c2cedff20999df2af8eb42d56 -> 
  custom:scripting/monoscript/fileName/UExternalReporterExample.cs: b47dced26726bc1c6cca3385d51d545e -> 
  custom:scripting/monoscript/fileName/UaGamePad.cs: c009e1ef2c316b725495851113c4bcc1 -> 
  custom:scripting/monoscript/fileName/UComment.cs: 2f18d587f279c5c266364d1be9c69d89 -> 
  custom:scripting/monoscript/fileName/UaStateHandler.cs: 2c899633784028fc2ed2ec0f88d26ad5 -> 
  custom:scripting/monoscript/fileName/VRoadWindow.cs: 9b3e75131f5e1d1006211fcab64dc0d7 -> 
  custom:scripting/monoscript/fileName/RoofWrapper.cs: 1e67134df3309cf12ec355d1e5f72a72 -> 
  custom:scripting/monoscript/fileName/UCamControllerExample.cs: d60969678431ad1e2c929f367987fdf1 -> 
  custom:scripting/monoscript/fileName/UBotHandlerExample.cs: a6b4b3b74faa6205a93a9c9249a520f5 -> 
  custom:scripting/monoscript/fileName/UaExternalReporter.cs: 9f8124b70e002cfea54794948b421510 -> 
  custom:audio-encoder-webm-vorbis: bf7c407c2cedff20999df2af8eb42d56 -> 
  custom:scripting/monoscript/fileName/UMenuExample.cs: a5fe31719e8c44b99bec5f364b1a80dc -> 
  custom:scripting/monoscript/fileName/ExternalMapBuilder.cs: e8b19924eeafd6b5db8da6982614af93 -> 
  custom:scripting/monoscript/fileName/UMapMeshExample.cs: aaf935164b4a0db731a09f13538b3a9f -> 
  custom:scripting/monoscript/fileName/SA.cs: 2a89a45dff2f5d604c0dc515647f54f9 -> 
========================================================================
Received Import Request.
  Time since last request: 427477.636709 seconds.
  path: Assets/POLYGON city pack/Prefabs/Props/Traffic light 2 Prefab.prefab
  artifactKey: Guid(d7cdfd713e1c02c49b7eb072ff0c50b2) Importer(815301076,1909f56bfc062723c751e8b465ee728b)
Start importing Assets/POLYGON city pack/Prefabs/Props/Traffic light 2 Prefab.prefab using Guid(d7cdfd713e1c02c49b7eb072ff0c50b2) Importer(815301076,1909f56bfc062723c751e8b465ee728b)  -> (artifact id: '40bde319a27f028e14a60f743f5a0601') in 0.136832 seconds
Number of updated asset objects reloaded before import = 0
Number of asset objects unloaded after import = 17
========================================================================
Received Import Request.
  Time since last request: 0.000029 seconds.
  path: Assets/POLYGON city pack/Prefabs/Props/Wall 6 prefab.prefab
  artifactKey: Guid(facc5fd5141efde4491e095867e3730e) Importer(815301076,1909f56bfc062723c751e8b465ee728b)
Start importing Assets/POLYGON city pack/Prefabs/Props/Wall 6 prefab.prefab using Guid(facc5fd5141efde4491e095867e3730e) Importer(815301076,1909f56bfc062723c751e8b465ee728b)  -> (artifact id: 'a6f33475715ff822da69155b5c66a9c6') in 0.018355 seconds
Number of updated asset objects reloaded before import = 0
Number of asset objects unloaded after import = 12
========================================================================
Received Import Request.
  Time since last request: 0.000025 seconds.
  path: Assets/POLYGON city pack/Prefabs/Props/Wall 7 prefab.prefab
  artifactKey: Guid(f902153ff8ccfb04091c1bd2019134b8) Importer(815301076,1909f56bfc062723c751e8b465ee728b)
Start importing Assets/POLYGON city pack/Prefabs/Props/Wall 7 prefab.prefab using Guid(f902153ff8ccfb04091c1bd2019134b8) Importer(815301076,1909f56bfc062723c751e8b465ee728b)  -> (artifact id: 'b5ab9c76c0ca507750a4189c73e9d61a') in 0.016431 seconds
Number of updated asset objects reloaded before import = 0
Number of asset objects unloaded after import = 12
========================================================================
Received Import Request.
  Time since last request: 673.146618 seconds.
  path: Assets
  artifactKey: Guid(00000000000000001000000000000000) Importer(815301076,1909f56bfc062723c751e8b465ee728b)
Start importing Assets using Guid(00000000000000001000000000000000) Importer(815301076,1909f56bfc062723c751e8b465ee728b)  -> (artifact id: '8a4fe85251aa2e89732c359432baa2c3') in 0.000685 seconds
Number of updated asset objects reloaded before import = 0
Number of asset objects unloaded after import = 0
========================================================================
Received Import Request.
  Time since last request: 11.882817 seconds.
  path: Assets/Prefabs
  artifactKey: Guid(b7ca73fb3d9e6ad4d9318784d86701b6) Importer(815301076,1909f56bfc062723c751e8b465ee728b)
Start importing Assets/Prefabs using Guid(b7ca73fb3d9e6ad4d9318784d86701b6) Importer(815301076,1909f56bfc062723c751e8b465ee728b)  -> (artifact id: '0528c283edd62e14f5f9a58537144cd1') in 0.000451 seconds
Number of updated asset objects reloaded before import = 0
Number of asset objects unloaded after import = 0
========================================================================
Received Import Request.
  Time since last request: 8.126621 seconds.
  path: Assets/BrokenVector/LowPolyRoadPack/Models/Car 1.dae
  artifactKey: Guid(26e8d194fbf5bca409d8e2a931e7a028) Importer(815301076,1909f56bfc062723c751e8b465ee728b)
Start importing Assets/BrokenVector/LowPolyRoadPack/Models/Car 1.dae using Guid(26e8d194fbf5bca409d8e2a931e7a028) Importer(815301076,1909f56bfc062723c751e8b465ee728b)  -> (artifact id: '2a14bab4e40733ae3e3dab4a1f54ef17') in 0.111627 seconds
Number of updated asset objects reloaded before import = 0
Number of asset objects unloaded after import = 34
========================================================================
Received Import Request.
  Time since last request: 0.000018 seconds.
  path: Assets/BrokenVector/LowPolyRoadPack/Models/Parkinglot Corner 1.dae
  artifactKey: Guid(73b78b99c269f4e4982b125270a38b14) Importer(815301076,1909f56bfc062723c751e8b465ee728b)
Start importing Assets/BrokenVector/LowPolyRoadPack/Models/Parkinglot Corner 1.dae using Guid(73b78b99c269f4e4982b125270a38b14) Importer(815301076,1909f56bfc062723c751e8b465ee728b)  -> (artifact id: '65432f8b7c1c3ba90b0fafa544a3163c') in 0.018394 seconds
Number of updated asset objects reloaded before import = 0
Number of asset objects unloaded after import = 8
========================================================================
Received Import Request.
  Time since last request: 0.000017 seconds.
  path: Assets/BrokenVector/LowPolyRoadPack/Models/Road S-Curve.dae
  artifactKey: Guid(1f10034eb2d822e47b73756fa15f8b69) Importer(815301076,1909f56bfc062723c751e8b465ee728b)
Start importing Assets/BrokenVector/LowPolyRoadPack/Models/Road S-Curve.dae using Guid(1f10034eb2d822e47b73756fa15f8b69) Importer(815301076,1909f56bfc062723c751e8b465ee728b)  -> (artifact id: '276537c69b66f83aed907b5019d3e558') in 0.019586 seconds
Number of updated asset objects reloaded before import = 0
Number of asset objects unloaded after import = 8
========================================================================
Received Import Request.
  Time since last request: 0.000016 seconds.
  path: Assets/BrokenVector/LowPolyRoadPack/Models/Highway Curve 1.dae
  artifactKey: Guid(861ccec3a0efad5458d9082800f92467) Importer(815301076,1909f56bfc062723c751e8b465ee728b)
Start importing Assets/BrokenVector/LowPolyRoadPack/Models/Highway Curve 1.dae using Guid(861ccec3a0efad5458d9082800f92467) Importer(815301076,1909f56bfc062723c751e8b465ee728b)  -> (artifact id: 'efd03a173c8d4377220831c859432e4e') in 0.022053 seconds
Number of updated asset objects reloaded before import = 0
Number of asset objects unloaded after import = 8
========================================================================
Received Import Request.
  Time since last request: 0.000018 seconds.
  path: Assets/BrokenVector/LowPolyRoadPack/Models/Road Cross SIngleLane.dae
  artifactKey: Guid(24e6433201fc69a44bf1c8f256d8b997) Importer(815301076,1909f56bfc062723c751e8b465ee728b)
Start importing Assets/BrokenVector/LowPolyRoadPack/Models/Road Cross SIngleLane.dae using Guid(24e6433201fc69a44bf1c8f256d8b997) Importer(815301076,1909f56bfc062723c751e8b465ee728b)  -> (artifact id: '0292b00d3bdf056bc19d518b2cf6c2a5') in 0.022165 seconds
Number of updated asset objects reloaded before import = 0
Number of asset objects unloaded after import = 8
========================================================================
Received Import Request.
  Time since last request: 0.000022 seconds.
  path: Assets/BrokenVector/LowPolyRoadPack/Models/Parkinglot Edge 1.dae
  artifactKey: Guid(71a6712b53f17d642b18dd7dd3873131) Importer(815301076,1909f56bfc062723c751e8b465ee728b)
Start importing Assets/BrokenVector/LowPolyRoadPack/Models/Parkinglot Edge 1.dae using Guid(71a6712b53f17d642b18dd7dd3873131) Importer(815301076,1909f56bfc062723c751e8b465ee728b)  -> (artifact id: 'a8376c9ce126e8af5e0271873b854338') in 0.019147 seconds
Number of updated asset objects reloaded before import = 0
Number of asset objects unloaded after import = 8
========================================================================
Received Import Request.
  Time since last request: 0.000014 seconds.
  path: Assets/BrokenVector/LowPolyRoadPack/Models/Highway Join Highway 2.dae
  artifactKey: Guid(df7aef7b3f5b34f438e1f16d9f25c832) Importer(815301076,1909f56bfc062723c751e8b465ee728b)
Start importing Assets/BrokenVector/LowPolyRoadPack/Models/Highway Join Highway 2.dae using Guid(df7aef7b3f5b34f438e1f16d9f25c832) Importer(815301076,1909f56bfc062723c751e8b465ee728b)  -> (artifact id: 'a082e05894c69836969e07069ed4fff3') in 0.022756 seconds
Number of updated asset objects reloaded before import = 0
Number of asset objects unloaded after import = 8
========================================================================
Received Import Request.
  Time since last request: 0.000014 seconds.
  path: Assets/BrokenVector/LowPolyRoadPack/Models/Highway Bridge 1.dae
  artifactKey: Guid(de9f00a88308eb741b7da04ed6699c0b) Importer(815301076,1909f56bfc062723c751e8b465ee728b)
Start importing Assets/BrokenVector/LowPolyRoadPack/Models/Highway Bridge 1.dae using Guid(de9f00a88308eb741b7da04ed6699c0b) Importer(815301076,1909f56bfc062723c751e8b465ee728b)  -> (artifact id: '8534251bed972151e8fe9aacef6106cf') in 0.026160 seconds
Number of updated asset objects reloaded before import = 0
Number of asset objects unloaded after import = 8
========================================================================
Received Import Request.
  Time since last request: 0.000027 seconds.
  path: Assets/BrokenVector/LowPolyRoadPack/Models/Highway S-Curve.dae
  artifactKey: Guid(901bb15896c0ed444a89af207f0d0ffe) Importer(815301076,1909f56bfc062723c751e8b465ee728b)
Start importing Assets/BrokenVector/LowPolyRoadPack/Models/Highway S-Curve.dae using Guid(901bb15896c0ed444a89af207f0d0ffe) Importer(815301076,1909f56bfc062723c751e8b465ee728b)  -> (artifact id: '98a1890d757c59bc444ee0af3f2b112b') in 0.025292 seconds
Number of updated asset objects reloaded before import = 0
Number of asset objects unloaded after import = 8
========================================================================
Received Import Request.
  Time since last request: 0.000015 seconds.
  path: Assets/BrokenVector/LowPolyRoadPack/Models/Parkinglot Corner 2.dae
  artifactKey: Guid(e7dfa1315d7d3164fb4e39956f2357ee) Importer(815301076,1909f56bfc062723c751e8b465ee728b)
Start importing Assets/BrokenVector/LowPolyRoadPack/Models/Parkinglot Corner 2.dae using Guid(e7dfa1315d7d3164fb4e39956f2357ee) Importer(815301076,1909f56bfc062723c751e8b465ee728b)  -> (artifact id: '9bcba292150fae0fb183b6f0d6bb554e') in 0.015363 seconds
Number of updated asset objects reloaded before import = 0
Number of asset objects unloaded after import = 8
========================================================================
Received Import Request.
  Time since last request: 0.000015 seconds.
  path: Assets/BrokenVector/LowPolyRoadPack/Models/Highway Join Road.dae
  artifactKey: Guid(0c21f7d1828800d44a5452b9bca476f4) Importer(815301076,1909f56bfc062723c751e8b465ee728b)
Start importing Assets/BrokenVector/LowPolyRoadPack/Models/Highway Join Road.dae using Guid(0c21f7d1828800d44a5452b9bca476f4) Importer(815301076,1909f56bfc062723c751e8b465ee728b)  -> (artifact id: 'd7f256344b1226847dee41279bf1b328') in 0.017147 seconds
Number of updated asset objects reloaded before import = 0
Number of asset objects unloaded after import = 8
========================================================================
Received Import Request.
  Time since last request: 0.000013 seconds.
  path: Assets/BrokenVector/LowPolyRoadPack/Models/Parkinglot Corner 3.dae
  artifactKey: Guid(1adf648894424ae47bca5445562efba8) Importer(815301076,1909f56bfc062723c751e8b465ee728b)
Start importing Assets/BrokenVector/LowPolyRoadPack/Models/Parkinglot Corner 3.dae using Guid(1adf648894424ae47bca5445562efba8) Importer(815301076,1909f56bfc062723c751e8b465ee728b)  -> (artifact id: '618136467006e291f1b42a5d6383ede1') in 0.015741 seconds
Number of updated asset objects reloaded before import = 0
Number of asset objects unloaded after import = 8
========================================================================
Received Import Request.
  Time since last request: 0.000013 seconds.
  path: Assets/BrokenVector/LowPolyRoadPack/Models/Freeway Lift Highway.dae
  artifactKey: Guid(2357264b94c408a409585f9979a3990c) Importer(815301076,1909f56bfc062723c751e8b465ee728b)
Start importing Assets/BrokenVector/LowPolyRoadPack/Models/Freeway Lift Highway.dae using Guid(2357264b94c408a409585f9979a3990c) Importer(815301076,1909f56bfc062723c751e8b465ee728b)  -> (artifact id: '11766485ec39761a3e0d072ebc10ed4f') in 0.016190 seconds
Number of updated asset objects reloaded before import = 0
Number of asset objects unloaded after import = 8
========================================================================
Received Import Request.
  Time since last request: 0.000014 seconds.
  path: Assets/BrokenVector/LowPolyRoadPack/Models/Highway Bridge 2.dae
  artifactKey: Guid(306a3142baf3c0f48acf183ab9a53a05) Importer(815301076,1909f56bfc062723c751e8b465ee728b)
Start importing Assets/BrokenVector/LowPolyRoadPack/Models/Highway Bridge 2.dae using Guid(306a3142baf3c0f48acf183ab9a53a05) Importer(815301076,1909f56bfc062723c751e8b465ee728b)  -> (artifact id: 'f5694c46227aaf934e30e7509170ca99') in 0.017317 seconds
Number of updated asset objects reloaded before import = 0
Number of asset objects unloaded after import = 8
========================================================================
Received Import Request.
  Time since last request: 0.000019 seconds.
  path: Assets/BrokenVector/LowPolyRoadPack/Models/Road Lift Highway.dae
  artifactKey: Guid(ebec32a200e40f84ba441fb26dd604c8) Importer(815301076,1909f56bfc062723c751e8b465ee728b)
Start importing Assets/BrokenVector/LowPolyRoadPack/Models/Road Lift Highway.dae using Guid(ebec32a200e40f84ba441fb26dd604c8) Importer(815301076,1909f56bfc062723c751e8b465ee728b)  -> (artifact id: 'b68d86956849dc2e851288bec8b7e26d') in 0.017790 seconds
Number of updated asset objects reloaded before import = 0
Number of asset objects unloaded after import = 8
========================================================================
Received Import Request.
  Time since last request: 0.000015 seconds.
  path: Assets/BrokenVector/LowPolyRoadPack/Models/Highway Cross Highway.dae
  artifactKey: Guid(9737ab9f3cf9c0b4d87af4f5b0108b28) Importer(815301076,1909f56bfc062723c751e8b465ee728b)
Start importing Assets/BrokenVector/LowPolyRoadPack/Models/Highway Cross Highway.dae using Guid(9737ab9f3cf9c0b4d87af4f5b0108b28) Importer(815301076,1909f56bfc062723c751e8b465ee728b)  -> (artifact id: '98efcd0665df46061d0a055d24ac2cbe') in 0.017819 seconds
Number of updated asset objects reloaded before import = 0
Number of asset objects unloaded after import = 8
========================================================================
Received Import Request.
  Time since last request: 0.000039 seconds.
  path: Assets/BrokenVector/LowPolyRoadPack/Models/Freeway Cross Road.dae
  artifactKey: Guid(55ffdfe2a9a2b114ab2e38301ab3c96a) Importer(815301076,1909f56bfc062723c751e8b465ee728b)
Start importing Assets/BrokenVector/LowPolyRoadPack/Models/Freeway Cross Road.dae using Guid(55ffdfe2a9a2b114ab2e38301ab3c96a) Importer(815301076,1909f56bfc062723c751e8b465ee728b)  -> (artifact id: '407054ff3074df3f080c14525c416f27') in 0.016990 seconds
Number of updated asset objects reloaded before import = 0
Number of asset objects unloaded after import = 8
========================================================================
Received Import Request.
  Time since last request: 0.000022 seconds.
  path: Assets/BrokenVector/LowPolyRoadPack/Models/Highway Cross Road.dae
  artifactKey: Guid(cfcf77940ff021942bc50517e56d54cb) Importer(815301076,1909f56bfc062723c751e8b465ee728b)
Start importing Assets/BrokenVector/LowPolyRoadPack/Models/Highway Cross Road.dae using Guid(cfcf77940ff021942bc50517e56d54cb) Importer(815301076,1909f56bfc062723c751e8b465ee728b)  -> (artifact id: '8d8dcbc3a1f1d6768d1aa1082976776d') in 0.016864 seconds
Number of updated asset objects reloaded before import = 0
Number of asset objects unloaded after import = 8
========================================================================
Received Import Request.
  Time since last request: 0.000016 seconds.
  path: Assets/BrokenVector/LowPolyRoadPack/Models/Highway Join Highway 1.dae
  artifactKey: Guid(a17f37812c6482942b2b08f8a4b9d2c4) Importer(815301076,1909f56bfc062723c751e8b465ee728b)
Start importing Assets/BrokenVector/LowPolyRoadPack/Models/Highway Join Highway 1.dae using Guid(a17f37812c6482942b2b08f8a4b9d2c4) Importer(815301076,1909f56bfc062723c751e8b465ee728b)  -> (artifact id: 'cd66e0ae114c735530760d791eda18ea') in 0.016495 seconds
Number of updated asset objects reloaded before import = 0
Number of asset objects unloaded after import = 8
========================================================================
Received Import Request.
  Time since last request: 0.000015 seconds.
  path: Assets/BrokenVector/LowPolyRoadPack/Models/Road Cross Road.dae
  artifactKey: Guid(8a74d4154e3078a498c1bf96dc3d1660) Importer(815301076,1909f56bfc062723c751e8b465ee728b)
Start importing Assets/BrokenVector/LowPolyRoadPack/Models/Road Cross Road.dae using Guid(8a74d4154e3078a498c1bf96dc3d1660) Importer(815301076,1909f56bfc062723c751e8b465ee728b)  -> (artifact id: '897074c4d225616ede4f56211ccbc039') in 0.016361 seconds
Number of updated asset objects reloaded before import = 0
Number of asset objects unloaded after import = 8
========================================================================
Received Import Request.
  Time since last request: 0.000017 seconds.
  path: Assets/BrokenVector/LowPolyRoadPack/Models/Freeway Join Freeway 2.dae
  artifactKey: Guid(333adb85cff2d42459cd00449998046f) Importer(815301076,1909f56bfc062723c751e8b465ee728b)
Start importing Assets/BrokenVector/LowPolyRoadPack/Models/Freeway Join Freeway 2.dae using Guid(333adb85cff2d42459cd00449998046f) Importer(815301076,1909f56bfc062723c751e8b465ee728b)  -> (artifact id: '828d22d04b7bf82d33c43ceb72cbec92') in 0.016286 seconds
Number of updated asset objects reloaded before import = 0
Number of asset objects unloaded after import = 8
========================================================================
Received Import Request.
  Time since last request: 0.000014 seconds.
  path: Assets/BrokenVector/LowPolyRoadPack/Models/Freeway Straight 1.dae
  artifactKey: Guid(d515ab1e7b3b8254b942625c58c86f91) Importer(815301076,1909f56bfc062723c751e8b465ee728b)
Start importing Assets/BrokenVector/LowPolyRoadPack/Models/Freeway Straight 1.dae using Guid(d515ab1e7b3b8254b942625c58c86f91) Importer(815301076,1909f56bfc062723c751e8b465ee728b)  -> (artifact id: '386b9decaa1f2a4e16563e85ff068871') in 0.015972 seconds
Number of updated asset objects reloaded before import = 0
Number of asset objects unloaded after import = 8
========================================================================
Received Import Request.
  Time since last request: 0.000016 seconds.
  path: Assets/BrokenVector/LowPolyRoadPack/Models/Road Join SIngleLane.dae
  artifactKey: Guid(b85b6366741d14e4a96828e1afad90e0) Importer(815301076,1909f56bfc062723c751e8b465ee728b)
Start importing Assets/BrokenVector/LowPolyRoadPack/Models/Road Join SIngleLane.dae using Guid(b85b6366741d14e4a96828e1afad90e0) Importer(815301076,1909f56bfc062723c751e8b465ee728b)  -> (artifact id: '82286b07ff70dc0e6e2d0d0dd0b2d955') in 0.018268 seconds
Number of updated asset objects reloaded before import = 0
Number of asset objects unloaded after import = 8
========================================================================
Received Import Request.
  Time since last request: 0.000024 seconds.
  path: Assets/BrokenVector/LowPolyRoadPack/Models/Highway Straight 2.dae
  artifactKey: Guid(da1a0020a373025418e1119879ed8146) Importer(815301076,1909f56bfc062723c751e8b465ee728b)
Start importing Assets/BrokenVector/LowPolyRoadPack/Models/Highway Straight 2.dae using Guid(da1a0020a373025418e1119879ed8146) Importer(815301076,1909f56bfc062723c751e8b465ee728b)  -> (artifact id: '8f0806702a1215beb931e407e43b496c') in 0.016678 seconds
Number of updated asset objects reloaded before import = 0
Number of asset objects unloaded after import = 8
========================================================================
Received Import Request.
  Time since last request: 0.000020 seconds.
  path: Assets/BrokenVector/LowPolyRoadPack/Models/Parkinglot Center 2.dae
  artifactKey: Guid(76b865b0d72af07469dfd0128ca936bd) Importer(815301076,1909f56bfc062723c751e8b465ee728b)
Start importing Assets/BrokenVector/LowPolyRoadPack/Models/Parkinglot Center 2.dae using Guid(76b865b0d72af07469dfd0128ca936bd) Importer(815301076,1909f56bfc062723c751e8b465ee728b)  -> (artifact id: '2a8166037f9837e7341c25f3e1a0877c') in 0.015573 seconds
Number of updated asset objects reloaded before import = 0
Number of asset objects unloaded after import = 8
========================================================================
Received Import Request.
  Time since last request: 0.857903 seconds.
  path: Assets/BrokenVector/LowPolyRoadPack/Models/Road Straight 2.dae
  artifactKey: Guid(23337dac036abd34499f9f5131a19858) Importer(815301076,1909f56bfc062723c751e8b465ee728b)
Start importing Assets/BrokenVector/LowPolyRoadPack/Models/Road Straight 2.dae using Guid(23337dac036abd34499f9f5131a19858) Importer(815301076,1909f56bfc062723c751e8b465ee728b)  -> (artifact id: '96f791b009e416e4c5104b64be51dfe8') in 0.016085 seconds
Number of updated asset objects reloaded before import = 0
Number of asset objects unloaded after import = 8
========================================================================
Received Import Request.
  Time since last request: 0.000093 seconds.
  path: Assets/BrokenVector/LowPolyRoadPack/Models/SingleLane Straight 1.dae
  artifactKey: Guid(69f4b809270776f4aaa4b23e75155df2) Importer(815301076,1909f56bfc062723c751e8b465ee728b)
Start importing Assets/BrokenVector/LowPolyRoadPack/Models/SingleLane Straight 1.dae using Guid(69f4b809270776f4aaa4b23e75155df2) Importer(815301076,1909f56bfc062723c751e8b465ee728b)  -> (artifact id: '5e553290182daeb1aca990665a7233ab') in 0.015602 seconds
Number of updated asset objects reloaded before import = 0
Number of asset objects unloaded after import = 8
========================================================================
Received Import Request.
  Time since last request: 0.000015 seconds.
  path: Assets/BrokenVector/LowPolyRoadPack/Models/Tunnel Entrance 1.dae
  artifactKey: Guid(0b3034fd1a5bb254d8e081e8634d075f) Importer(815301076,1909f56bfc062723c751e8b465ee728b)
Start importing Assets/BrokenVector/LowPolyRoadPack/Models/Tunnel Entrance 1.dae using Guid(0b3034fd1a5bb254d8e081e8634d075f) Importer(815301076,1909f56bfc062723c751e8b465ee728b)  -> (artifact id: 'b857b6939546fd449ecaca3ffa27403d') in 0.019178 seconds
Number of updated asset objects reloaded before import = 0
Number of asset objects unloaded after import = 8
========================================================================
Received Import Request.
  Time since last request: 0.000022 seconds.
  path: Assets/BrokenVector/LowPolyRoadPack/Models/SingleLane S-Curve.dae
  artifactKey: Guid(e033f669abc057d4ab3801af0792f88a) Importer(815301076,1909f56bfc062723c751e8b465ee728b)
Start importing Assets/BrokenVector/LowPolyRoadPack/Models/SingleLane S-Curve.dae using Guid(e033f669abc057d4ab3801af0792f88a) Importer(815301076,1909f56bfc062723c751e8b465ee728b)  -> (artifact id: 'cfebe60b43552ec16140c1956fb0e979') in 0.017842 seconds
Number of updated asset objects reloaded before import = 0
Number of asset objects unloaded after import = 8
========================================================================
Received Import Request.
  Time since last request: 0.000069 seconds.
  path: Assets/BrokenVector/LowPolyRoadPack/Models/Tunnel Straight 1.dae
  artifactKey: Guid(9ebbcf9ad75b23c4b8f2a497607627bb) Importer(815301076,1909f56bfc062723c751e8b465ee728b)
Start importing Assets/BrokenVector/LowPolyRoadPack/Models/Tunnel Straight 1.dae using Guid(9ebbcf9ad75b23c4b8f2a497607627bb) Importer(815301076,1909f56bfc062723c751e8b465ee728b)  -> (artifact id: '1caaca2763f136afba38dece4a01e943') in 0.016700 seconds
Number of updated asset objects reloaded before import = 0
Number of asset objects unloaded after import = 8
========================================================================
Received Import Request.
  Time since last request: 0.000013 seconds.
  path: Assets/BrokenVector/LowPolyRoadPack/Models/SingleLane Straight 2.dae
  artifactKey: Guid(78a8961655872db4b843048acb88450a) Importer(815301076,1909f56bfc062723c751e8b465ee728b)
Start importing Assets/BrokenVector/LowPolyRoadPack/Models/SingleLane Straight 2.dae using Guid(78a8961655872db4b843048acb88450a) Importer(815301076,1909f56bfc062723c751e8b465ee728b)  -> (artifact id: 'dad682deb42f86a430db61fb939b628d') in 0.015864 seconds
Number of updated asset objects reloaded before import = 0
Number of asset objects unloaded after import = 8
========================================================================
Received Import Request.
  Time since last request: 0.000014 seconds.
  path: Assets/BrokenVector/LowPolyRoadPack/Models/Tunnel Straight 4.dae
  artifactKey: Guid(f5363fa7f00d1a14dace523483cf17f2) Importer(815301076,1909f56bfc062723c751e8b465ee728b)
Start importing Assets/BrokenVector/LowPolyRoadPack/Models/Tunnel Straight 4.dae using Guid(f5363fa7f00d1a14dace523483cf17f2) Importer(815301076,1909f56bfc062723c751e8b465ee728b)  -> (artifact id: '2756c9e60adae0e64de0038ccc16ac1f') in 0.015806 seconds
Number of updated asset objects reloaded before import = 0
Number of asset objects unloaded after import = 8
========================================================================
Received Import Request.
  Time since last request: 4.529631 seconds.
  path: Assets/BrokenVector/LowPolyRoadPack/Demo/Landscape/Houses.001.dae
  artifactKey: Guid(5040aa18d61033e489ea9265c4f2cca4) Importer(815301076,1909f56bfc062723c751e8b465ee728b)
Start importing Assets/BrokenVector/LowPolyRoadPack/Demo/Landscape/Houses.001.dae using Guid(5040aa18d61033e489ea9265c4f2cca4) Importer(815301076,1909f56bfc062723c751e8b465ee728b)  -> (artifact id: 'd02c88b95531cbd72903305f042107ec') in 0.023254 seconds
Number of updated asset objects reloaded before import = 0
Number of asset objects unloaded after import = 10
========================================================================
Received Import Request.
  Time since last request: 0.000038 seconds.
  path: Assets/BrokenVector/LowPolyRoadPack/Demo/Landscape/Houses.012.dae
  artifactKey: Guid(51f7d944b367bb94abd599e0af5cf265) Importer(815301076,1909f56bfc062723c751e8b465ee728b)
Start importing Assets/BrokenVector/LowPolyRoadPack/Demo/Landscape/Houses.012.dae using Guid(51f7d944b367bb94abd599e0af5cf265) Importer(815301076,1909f56bfc062723c751e8b465ee728b)  -> (artifact id: '3fb883c2c421ff1b584c528613179e51') in 0.032544 seconds
Number of updated asset objects reloaded before import = 0
Number of asset objects unloaded after import = 10
========================================================================
Received Import Request.
  Time since last request: 0.000048 seconds.
  path: Assets/BrokenVector/LowPolyRoadPack/Demo/Landscape/Houses.008.dae
  artifactKey: Guid(2296d07369e67c646b2d0d7f242d8449) Importer(815301076,1909f56bfc062723c751e8b465ee728b)
Start importing Assets/BrokenVector/LowPolyRoadPack/Demo/Landscape/Houses.008.dae using Guid(2296d07369e67c646b2d0d7f242d8449) Importer(815301076,1909f56bfc062723c751e8b465ee728b)  -> (artifact id: 'c792286368824f60dea9a15a1e03edbb') in 0.029248 seconds
Number of updated asset objects reloaded before import = 0
Number of asset objects unloaded after import = 10
========================================================================
Received Import Request.
  Time since last request: 0.000022 seconds.
  path: Assets/BrokenVector/LowPolyRoadPack/Demo/Landscape/Mountain.dae
  artifactKey: Guid(f494957cbd9ff2b498af112b5c3ea4d8) Importer(815301076,1909f56bfc062723c751e8b465ee728b)
Start importing Assets/BrokenVector/LowPolyRoadPack/Demo/Landscape/Mountain.dae using Guid(f494957cbd9ff2b498af112b5c3ea4d8) Importer(815301076,1909f56bfc062723c751e8b465ee728b)  -> (artifact id: '558a245a4c0d7a33e965d219eb7e9836') in 0.033272 seconds
Number of updated asset objects reloaded before import = 0
Number of asset objects unloaded after import = 9
========================================================================
Received Import Request.
  Time since last request: 0.000029 seconds.
  path: Assets/BrokenVector/LowPolyRoadPack/Demo/Landscape/Houses.011.dae
  artifactKey: Guid(f24e9cf354f004442b97cffbb3bbd911) Importer(815301076,1909f56bfc062723c751e8b465ee728b)
Start importing Assets/BrokenVector/LowPolyRoadPack/Demo/Landscape/Houses.011.dae using Guid(f24e9cf354f004442b97cffbb3bbd911) Importer(815301076,1909f56bfc062723c751e8b465ee728b)  -> (artifact id: '1ba6ddbf7b68fe458526bee7520179cb') in 0.036222 seconds
Number of updated asset objects reloaded before import = 0
Number of asset objects unloaded after import = 10
========================================================================
Received Import Request.
  Time since last request: 0.000027 seconds.
  path: Assets/BrokenVector/LowPolyRoadPack/Demo/Landscape/Houses.010.dae
  artifactKey: Guid(960597deba6aae644952d370b3c462a6) Importer(815301076,1909f56bfc062723c751e8b465ee728b)
Start importing Assets/BrokenVector/LowPolyRoadPack/Demo/Landscape/Houses.010.dae using Guid(960597deba6aae644952d370b3c462a6) Importer(815301076,1909f56bfc062723c751e8b465ee728b)  -> (artifact id: '0c8564bd0efe5fba3c2e6703727a8bc9') in 0.029012 seconds
Number of updated asset objects reloaded before import = 0
Number of asset objects unloaded after import = 10
========================================================================
Received Import Request.
  Time since last request: 39.420881 seconds.
  path: Assets/Prefabs/Car 1.prefab
  artifactKey: Guid(3406cc49dba03774f8b27986dc9ce61d) Importer(815301076,1909f56bfc062723c751e8b465ee728b)
Start importing Assets/Prefabs/Car 1.prefab using Guid(3406cc49dba03774f8b27986dc9ce61d) Importer(815301076,1909f56bfc062723c751e8b465ee728b)  -> (artifact id: '51f8b5c09ee4ec6740d3995f64c7e40e') in 0.014114 seconds
Number of updated asset objects reloaded before import = 0
Number of asset objects unloaded after import = 36
========================================================================
Received Import Request.
  Time since last request: 14.709652 seconds.
  path: Assets/Prefabs/Car 1.prefab
  artifactKey: Guid(3406cc49dba03774f8b27986dc9ce61d) Importer(815301076,1909f56bfc062723c751e8b465ee728b)
Start importing Assets/Prefabs/Car 1.prefab using Guid(3406cc49dba03774f8b27986dc9ce61d) Importer(815301076,1909f56bfc062723c751e8b465ee728b)  -> (artifact id: 'a84bb80606c7025551aa51f1dc6bd869') in 0.015107 seconds
Number of updated asset objects reloaded before import = 0
Number of asset objects unloaded after import = 36
========================================================================
Received Prepare
Begin MonoManager ReloadAssembly
- Loaded All Assemblies, in  0.504 seconds
Refreshing native plugins compatible for Editor in 3.66 ms, found 3 plugins.
Native extension for WindowsStandalone target not found
Native extension for WebGL target not found
[Package Manager] Server::EnsureServerProcessIsRunning -- launch failed, reason: Unity was launched with the -noUpm command-line argument
[Package Manager] UpmClient::Send -- Unable to send message (not connected to UPM process).
[Package Manager] Cannot connect to Unity Package Manager local server
Mono: successfully reloaded assembly
- Finished resetting the current domain, in  1.235 seconds
Domain Reload Profiling: 1737ms
	BeginReloadAssembly (168ms)
		ExecutionOrderSort (0ms)
		DisableScriptedObjects (6ms)
		BackupInstance (0ms)
		ReleaseScriptingObjects (0ms)
		CreateAndSetChildDomain (36ms)
	RebuildCommonClasses (34ms)
	RebuildNativeTypeToScriptingClass (12ms)
	initialDomainReloadingComplete (31ms)
	LoadAllAssembliesAndSetupDomain (255ms)
		LoadAssemblies (332ms)
		RebuildTransferFunctionScriptingTraits (0ms)
		AnalyzeDomain (12ms)
			TypeCache.Refresh (6ms)
				TypeCache.ScanAssembly (0ms)
			ScanForSourceGeneratedMonoScriptInfo (0ms)
			ResolveRequiredComponents (5ms)
	FinalizeReload (1236ms)
		ReleaseScriptCaches (0ms)
		RebuildScriptCaches (0ms)
		SetupLoadedEditorAssemblies (643ms)
			LogAssemblyErrors (0ms)
			InitializePlatformSupportModulesInManaged (10ms)
			SetLoadedEditorAssemblies (5ms)
			RefreshPlugins (0ms)
			BeforeProcessingInitializeOnLoad (123ms)
			ProcessInitializeOnLoadAttributes (473ms)
			ProcessInitializeOnLoadMethodAttributes (25ms)
			AfterProcessingInitializeOnLoad (8ms)
			EditorAssembliesLoaded (0ms)
		ExecutionOrderSort2 (0ms)
		AwakeInstancesAfterBackupRestoration (12ms)
Refreshing native plugins compatible for Editor in 3.96 ms, found 3 plugins.
Preloading 0 native plugins for Editor in 0.00 ms.
Unloading 3440 Unused Serialized files (Serialized files now loaded: 0)
Unloading 22 unused Assets / (30.2 KB). Loaded Objects now: 3941.
Memory consumption went from 136.9 MB to 136.9 MB.
Total: 3.692100 ms (FindLiveObjects: 0.273200 ms CreateObjectMapping: 0.214400 ms MarkObjects: 3.162700 ms  DeleteObjects: 0.040700 ms)

Prepare: number of updated asset objects reloaded= 0
AssetImportParameters requested are different than current active one (requested -> active):
  custom:scripting/monoscript/fileName/ProOnlyRangeDrawer.cs: 06dbe8928c84ff230293cb0233df1ecf -> 
  custom:scripting/monoscript/fileName/UMouseExample.cs: 06ff0cf67586c692ac70428e7b92deb0 -> 
  custom:container-demuxer-ogg: 62fdf1f143b41e24485cea50d1cbac27 -> 
  custom:scripting/monoscript/fileName/UaMenu.cs: 82495984b996c9bd458f6dae6952899d -> 
  custom:scripting/monoscript/fileName/TypeSpecBus.cs: bdf891ea43972f99bd350e20e54e2548 -> 
  custom:scripting/monoscript/fileName/LUAppState.cs: dd879bee3a6e5af3d4125fb39f7658a2 -> 
  custom:video-decoder-ogg-theora: a1e56fd34408186e4bbccfd4996cb3dc -> 
  custom:scripting/monoscript/fileName/UStateHandlerExample.cs: e2354a47a3578f345f469a64b7c2ae88 -> 
  custom:scripting/monoscript/fileName/TypeSpecCar.cs: 4ae669c0479d6ce0b8b48d42f088c449 -> 
  custom:framework-win-MediaFoundation: 216162199b28c13a410421893ffa2e32 -> 
  custom:scripting/monoscript/fileName/VRoadProWindow.cs: 5c5b5f6b5b4591c405e6482a71222208 -> 
  custom:scripting/monoscript/fileName/URunTraffic.cs: ecda640a73b5f1869b517619e1535e85 -> 
  custom:scripting/monoscript/fileName/UaPlaySim.cs: 961b6e95b7d27f67e651da849808769f -> 
  custom:CustomObjectIndexerAttribute: 756ad292c208cfabdd7b50bc23989ffe -> 
  custom:scripting/monoscript/fileName/UBuildMap.cs: ba6ca95d60e8dfb71d7ea960ed721b0a -> 
  custom:scripting/monoscript/fileName/UaCamControllerMain.cs: 608d6bfa8bce69f6af7eb0956d66c3f8 -> 
  custom:scripting/monoscript/fileName/Inspectable.cs: 8ead47a13b172630a7ed4c5efe8f13a0 -> 
  custom:container-demuxer-webm: 4f35f7cbe854078d1ac9338744f61a02 -> 
  custom:scripting/monoscript/fileName/UaMapMesh.cs: b66190f0285420f3bc2605dda63a5078 -> 
  custom:scripting/monoscript/fileName/UaBotHandler.cs: 795d79af38c398cb95c812b8006d49f7 -> 
  custom:scripting/monoscript/fileName/UaMapMeshMod.cs: c4833c742638c0c376d232484c33ef08 -> 
  custom:scripting/monoscript/fileName/UaMouse.cs: 990db2078e3ac352b1ad7f578047ae37 -> 
  custom:scripting/monoscript/fileName/TypeSpecTrailer.cs: c3ba11576f622c42f695f463ca32201e -> 
  custom:scripting/monoscript/fileName/VRoadEditorWindow.cs: 4521b77ca15c3f0d13a89bae499f7fad -> 
  custom:container-muxer-webm: aa71ff27fc2769a1b78a27578f13a17b -> 
  custom:scripting/monoscript/fileName/UPlaySimExamplePrefab.cs: d45adc0f0aa2cbdc230e508f78c98512 -> 
  custom:scripting/monoscript/fileName/SubMesh.cs: 97ce68bef3a65664402b82bdbf7ec7f2 -> 
  custom:video-decoder-webm-vp8: 9c59270c3fd7afecdb556c50c9e8de78 -> 
  custom:scripting/monoscript/fileName/MeshTools.cs: bc8e9953a6f81d796be6a4867efbeca6 -> 
  custom:SearchIndexIgnoredProperties: e643bd26f0fe6173181afceb89e7c659 -> 
  custom:AudioImporter_EditorPlatform: d09bf68614088b80899f8185d706f6e7 -> 
  custom:scripting/monoscript/fileName/XyzExtensions.cs: 699a038b2c4b7bdfd27595f05c673221 -> 
  custom:scripting/monoscript/fileName/ProOnlyDrawer.cs: 140c74f6d98aa6a2f75693f5a2cf72de -> 
  custom:scripting/monoscript/fileName/URunTrafficAndroid.cs: 13ba57ee74ec160ed8ca441a704aed81 -> 
  custom:scripting/monoscript/fileName/UPlaySimExample.cs: db2853e1d5d0b0b01a3cea3bd2175faa -> 
  custom:scripting/monoscript/fileName/SceneSaveMonitor.cs: 002ada5a09e4c3ea15cbb45620dd9ea4 -> 
  custom:scripting/monoscript/fileName/NamedSubMesh.cs: f9f93af626b46fe3d18408f6771d72b8 -> 
  custom:scripting/monoscript/fileName/TypeSpecTruck.cs: 4e1a951ed4ac097814c5926b8bcf0bd6 -> 
  custom:video-encoder-webm-vp8: eb34c28f22e8b96e1ab97ce403110664 -> 
  custom:scripting/monoscript/fileName/UExitHandler.cs: 65b422a42c87c5906ca5ab6c9917cd3f -> 
  custom:scripting/monoscript/fileName/ReadOnlyDrawer.cs: b26c4fb1328166ff0500ab0eb78a23c9 -> 
  custom:scripting/monoscript/fileName/AnimatorPedEventReceiver.cs: 02970d66fc89aa32d11fbf4ed57b2393 -> 
  custom:audio-decoder-ogg-vorbis: bf7c407c2cedff20999df2af8eb42d56 -> 
  custom:scripting/monoscript/fileName/UExternalReporterExample.cs: b47dced26726bc1c6cca3385d51d545e -> 
  custom:scripting/monoscript/fileName/UaGamePad.cs: c009e1ef2c316b725495851113c4bcc1 -> 
  custom:scripting/monoscript/fileName/UComment.cs: 2f18d587f279c5c266364d1be9c69d89 -> 
  custom:scripting/monoscript/fileName/UaStateHandler.cs: 2c899633784028fc2ed2ec0f88d26ad5 -> 
  custom:scripting/monoscript/fileName/VRoadWindow.cs: 9b3e75131f5e1d1006211fcab64dc0d7 -> 
  custom:scripting/monoscript/fileName/RoofWrapper.cs: 1e67134df3309cf12ec355d1e5f72a72 -> 
  custom:scripting/monoscript/fileName/UCamControllerExample.cs: d60969678431ad1e2c929f367987fdf1 -> 
  custom:scripting/monoscript/fileName/UBotHandlerExample.cs: a6b4b3b74faa6205a93a9c9249a520f5 -> 
  custom:scripting/monoscript/fileName/UaExternalReporter.cs: 9f8124b70e002cfea54794948b421510 -> 
  custom:audio-encoder-webm-vorbis: bf7c407c2cedff20999df2af8eb42d56 -> 
  custom:scripting/monoscript/fileName/UMenuExample.cs: a5fe31719e8c44b99bec5f364b1a80dc -> 
  custom:scripting/monoscript/fileName/ExternalMapBuilder.cs: e8b19924eeafd6b5db8da6982614af93 -> 
  custom:scripting/monoscript/fileName/UMapMeshExample.cs: aaf935164b4a0db731a09f13538b3a9f -> 
  custom:scripting/monoscript/fileName/SA.cs: 2a89a45dff2f5d604c0dc515647f54f9 -> 
========================================================================
Received Prepare
Begin MonoManager ReloadAssembly
- Loaded All Assemblies, in  0.503 seconds
Refreshing native plugins compatible for Editor in 3.60 ms, found 3 plugins.
Native extension for WindowsStandalone target not found
Native extension for WebGL target not found
[Package Manager] Server::EnsureServerProcessIsRunning -- launch failed, reason: Unity was launched with the -noUpm command-line argument
[Package Manager] UpmClient::Send -- Unable to send message (not connected to UPM process).
[Package Manager] Cannot connect to Unity Package Manager local server
Mono: successfully reloaded assembly
- Finished resetting the current domain, in  1.226 seconds
Domain Reload Profiling: 1726ms
	BeginReloadAssembly (172ms)
		ExecutionOrderSort (0ms)
		DisableScriptedObjects (6ms)
		BackupInstance (0ms)
		ReleaseScriptingObjects (0ms)
		CreateAndSetChildDomain (37ms)
	RebuildCommonClasses (34ms)
	RebuildNativeTypeToScriptingClass (12ms)
	initialDomainReloadingComplete (30ms)
	LoadAllAssembliesAndSetupDomain (251ms)
		LoadAssemblies (335ms)
		RebuildTransferFunctionScriptingTraits (0ms)
		AnalyzeDomain (12ms)
			TypeCache.Refresh (6ms)
				TypeCache.ScanAssembly (0ms)
			ScanForSourceGeneratedMonoScriptInfo (0ms)
			ResolveRequiredComponents (5ms)
	FinalizeReload (1227ms)
		ReleaseScriptCaches (0ms)
		RebuildScriptCaches (0ms)
		SetupLoadedEditorAssemblies (648ms)
			LogAssemblyErrors (0ms)
			InitializePlatformSupportModulesInManaged (10ms)
			SetLoadedEditorAssemblies (5ms)
			RefreshPlugins (0ms)
			BeforeProcessingInitializeOnLoad (125ms)
			ProcessInitializeOnLoadAttributes (473ms)
			ProcessInitializeOnLoadMethodAttributes (24ms)
			AfterProcessingInitializeOnLoad (10ms)
			EditorAssembliesLoaded (0ms)
		ExecutionOrderSort2 (0ms)
		AwakeInstancesAfterBackupRestoration (13ms)
Refreshing native plugins compatible for Editor in 4.04 ms, found 3 plugins.
Preloading 0 native plugins for Editor in 0.00 ms.
Unloading 3440 Unused Serialized files (Serialized files now loaded: 0)
Unloading 22 unused Assets / (30.2 KB). Loaded Objects now: 3944.
Memory consumption went from 136.9 MB to 136.9 MB.
Total: 3.721900 ms (FindLiveObjects: 0.298500 ms CreateObjectMapping: 0.233600 ms MarkObjects: 3.128300 ms  DeleteObjects: 0.060300 ms)

Prepare: number of updated asset objects reloaded= 0
AssetImportParameters requested are different than current active one (requested -> active):
  custom:scripting/monoscript/fileName/ProOnlyRangeDrawer.cs: 06dbe8928c84ff230293cb0233df1ecf -> 
  custom:scripting/monoscript/fileName/UMouseExample.cs: 06ff0cf67586c692ac70428e7b92deb0 -> 
  custom:container-demuxer-ogg: 62fdf1f143b41e24485cea50d1cbac27 -> 
  custom:scripting/monoscript/fileName/UaMenu.cs: 82495984b996c9bd458f6dae6952899d -> 
  custom:scripting/monoscript/fileName/TypeSpecBus.cs: bdf891ea43972f99bd350e20e54e2548 -> 
  custom:scripting/monoscript/fileName/LUAppState.cs: dd879bee3a6e5af3d4125fb39f7658a2 -> 
  custom:video-decoder-ogg-theora: a1e56fd34408186e4bbccfd4996cb3dc -> 
  custom:scripting/monoscript/fileName/UStateHandlerExample.cs: e2354a47a3578f345f469a64b7c2ae88 -> 
  custom:scripting/monoscript/fileName/TypeSpecCar.cs: 4ae669c0479d6ce0b8b48d42f088c449 -> 
  custom:framework-win-MediaFoundation: 216162199b28c13a410421893ffa2e32 -> 
  custom:scripting/monoscript/fileName/VRoadProWindow.cs: 5c5b5f6b5b4591c405e6482a71222208 -> 
  custom:scripting/monoscript/fileName/URunTraffic.cs: ecda640a73b5f1869b517619e1535e85 -> 
  custom:scripting/monoscript/fileName/UaPlaySim.cs: 961b6e95b7d27f67e651da849808769f -> 
  custom:CustomObjectIndexerAttribute: 756ad292c208cfabdd7b50bc23989ffe -> 
  custom:scripting/monoscript/fileName/UBuildMap.cs: ba6ca95d60e8dfb71d7ea960ed721b0a -> 
  custom:scripting/monoscript/fileName/UaCamControllerMain.cs: 608d6bfa8bce69f6af7eb0956d66c3f8 -> 
  custom:scripting/monoscript/fileName/Inspectable.cs: 8ead47a13b172630a7ed4c5efe8f13a0 -> 
  custom:container-demuxer-webm: 4f35f7cbe854078d1ac9338744f61a02 -> 
  custom:scripting/monoscript/fileName/UaMapMesh.cs: b66190f0285420f3bc2605dda63a5078 -> 
  custom:scripting/monoscript/fileName/UaBotHandler.cs: 795d79af38c398cb95c812b8006d49f7 -> 
  custom:scripting/monoscript/fileName/UaMapMeshMod.cs: c4833c742638c0c376d232484c33ef08 -> 
  custom:scripting/monoscript/fileName/UaMouse.cs: 990db2078e3ac352b1ad7f578047ae37 -> 
  custom:scripting/monoscript/fileName/TypeSpecTrailer.cs: c3ba11576f622c42f695f463ca32201e -> 
  custom:scripting/monoscript/fileName/VRoadEditorWindow.cs: 4521b77ca15c3f0d13a89bae499f7fad -> 
  custom:container-muxer-webm: aa71ff27fc2769a1b78a27578f13a17b -> 
  custom:scripting/monoscript/fileName/UPlaySimExamplePrefab.cs: d45adc0f0aa2cbdc230e508f78c98512 -> 
  custom:scripting/monoscript/fileName/SubMesh.cs: 97ce68bef3a65664402b82bdbf7ec7f2 -> 
  custom:video-decoder-webm-vp8: 9c59270c3fd7afecdb556c50c9e8de78 -> 
  custom:scripting/monoscript/fileName/MeshTools.cs: bc8e9953a6f81d796be6a4867efbeca6 -> 
  custom:SearchIndexIgnoredProperties: e643bd26f0fe6173181afceb89e7c659 -> 
  custom:AudioImporter_EditorPlatform: d09bf68614088b80899f8185d706f6e7 -> 
  custom:scripting/monoscript/fileName/XyzExtensions.cs: 699a038b2c4b7bdfd27595f05c673221 -> 
  custom:scripting/monoscript/fileName/ProOnlyDrawer.cs: 140c74f6d98aa6a2f75693f5a2cf72de -> 
  custom:scripting/monoscript/fileName/URunTrafficAndroid.cs: 13ba57ee74ec160ed8ca441a704aed81 -> 
  custom:scripting/monoscript/fileName/UPlaySimExample.cs: db2853e1d5d0b0b01a3cea3bd2175faa -> 
  custom:scripting/monoscript/fileName/SceneSaveMonitor.cs: 002ada5a09e4c3ea15cbb45620dd9ea4 -> 
  custom:scripting/monoscript/fileName/NamedSubMesh.cs: f9f93af626b46fe3d18408f6771d72b8 -> 
  custom:scripting/monoscript/fileName/TypeSpecTruck.cs: 4e1a951ed4ac097814c5926b8bcf0bd6 -> 
  custom:video-encoder-webm-vp8: eb34c28f22e8b96e1ab97ce403110664 -> 
  custom:scripting/monoscript/fileName/UExitHandler.cs: 65b422a42c87c5906ca5ab6c9917cd3f -> 
  custom:scripting/monoscript/fileName/ReadOnlyDrawer.cs: b26c4fb1328166ff0500ab0eb78a23c9 -> 
  custom:scripting/monoscript/fileName/AnimatorPedEventReceiver.cs: 02970d66fc89aa32d11fbf4ed57b2393 -> 
  custom:audio-decoder-ogg-vorbis: bf7c407c2cedff20999df2af8eb42d56 -> 
  custom:scripting/monoscript/fileName/UExternalReporterExample.cs: b47dced26726bc1c6cca3385d51d545e -> 
  custom:scripting/monoscript/fileName/UaGamePad.cs: c009e1ef2c316b725495851113c4bcc1 -> 
  custom:scripting/monoscript/fileName/UComment.cs: 2f18d587f279c5c266364d1be9c69d89 -> 
  custom:scripting/monoscript/fileName/UaStateHandler.cs: 2c899633784028fc2ed2ec0f88d26ad5 -> 
  custom:scripting/monoscript/fileName/VRoadWindow.cs: 9b3e75131f5e1d1006211fcab64dc0d7 -> 
  custom:scripting/monoscript/fileName/RoofWrapper.cs: 1e67134df3309cf12ec355d1e5f72a72 -> 
  custom:scripting/monoscript/fileName/UCamControllerExample.cs: d60969678431ad1e2c929f367987fdf1 -> 
  custom:scripting/monoscript/fileName/UBotHandlerExample.cs: a6b4b3b74faa6205a93a9c9249a520f5 -> 
  custom:scripting/monoscript/fileName/UaExternalReporter.cs: 9f8124b70e002cfea54794948b421510 -> 
  custom:audio-encoder-webm-vorbis: bf7c407c2cedff20999df2af8eb42d56 -> 
  custom:scripting/monoscript/fileName/UMenuExample.cs: a5fe31719e8c44b99bec5f364b1a80dc -> 
  custom:scripting/monoscript/fileName/ExternalMapBuilder.cs: e8b19924eeafd6b5db8da6982614af93 -> 
  custom:scripting/monoscript/fileName/UMapMeshExample.cs: aaf935164b4a0db731a09f13538b3a9f -> 
  custom:scripting/monoscript/fileName/SA.cs: 2a89a45dff2f5d604c0dc515647f54f9 -> 
========================================================================
Received Prepare
Begin MonoManager ReloadAssembly
- Loaded All Assemblies, in  0.502 seconds
Refreshing native plugins compatible for Editor in 3.99 ms, found 3 plugins.
Native extension for WindowsStandalone target not found
Native extension for WebGL target not found
[Package Manager] Server::EnsureServerProcessIsRunning -- launch failed, reason: Unity was launched with the -noUpm command-line argument
[Package Manager] UpmClient::Send -- Unable to send message (not connected to UPM process).
[Package Manager] Cannot connect to Unity Package Manager local server
Mono: successfully reloaded assembly
- Finished resetting the current domain, in  1.229 seconds
Domain Reload Profiling: 1728ms
	BeginReloadAssembly (163ms)
		ExecutionOrderSort (0ms)
		DisableScriptedObjects (6ms)
		BackupInstance (0ms)
		ReleaseScriptingObjects (0ms)
		CreateAndSetChildDomain (32ms)
	RebuildCommonClasses (42ms)
	RebuildNativeTypeToScriptingClass (13ms)
	initialDomainReloadingComplete (31ms)
	LoadAllAssembliesAndSetupDomain (248ms)
		LoadAssemblies (317ms)
		RebuildTransferFunctionScriptingTraits (0ms)
		AnalyzeDomain (16ms)
			TypeCache.Refresh (9ms)
				TypeCache.ScanAssembly (0ms)
			ScanForSourceGeneratedMonoScriptInfo (0ms)
			ResolveRequiredComponents (5ms)
	FinalizeReload (1230ms)
		ReleaseScriptCaches (0ms)
		RebuildScriptCaches (0ms)
		SetupLoadedEditorAssemblies (641ms)
			LogAssemblyErrors (0ms)
			InitializePlatformSupportModulesInManaged (10ms)
			SetLoadedEditorAssemblies (5ms)
			RefreshPlugins (0ms)
			BeforeProcessingInitializeOnLoad (127ms)
			ProcessInitializeOnLoadAttributes (468ms)
			ProcessInitializeOnLoadMethodAttributes (21ms)
			AfterProcessingInitializeOnLoad (9ms)
			EditorAssembliesLoaded (0ms)
		ExecutionOrderSort2 (0ms)
		AwakeInstancesAfterBackupRestoration (12ms)
Refreshing native plugins compatible for Editor in 4.07 ms, found 3 plugins.
Preloading 0 native plugins for Editor in 0.00 ms.
Unloading 3440 Unused Serialized files (Serialized files now loaded: 0)
Unloading 22 unused Assets / (30.2 KB). Loaded Objects now: 3947.
Memory consumption went from 136.9 MB to 136.9 MB.
Total: 3.660700 ms (FindLiveObjects: 0.298800 ms CreateObjectMapping: 0.262200 ms MarkObjects: 3.056800 ms  DeleteObjects: 0.041800 ms)

Prepare: number of updated asset objects reloaded= 0
AssetImportParameters requested are different than current active one (requested -> active):
  custom:scripting/monoscript/fileName/ProOnlyRangeDrawer.cs: 06dbe8928c84ff230293cb0233df1ecf -> 
  custom:scripting/monoscript/fileName/UMouseExample.cs: 06ff0cf67586c692ac70428e7b92deb0 -> 
  custom:container-demuxer-ogg: 62fdf1f143b41e24485cea50d1cbac27 -> 
  custom:scripting/monoscript/fileName/UaMenu.cs: 82495984b996c9bd458f6dae6952899d -> 
  custom:scripting/monoscript/fileName/TypeSpecBus.cs: bdf891ea43972f99bd350e20e54e2548 -> 
  custom:scripting/monoscript/fileName/LUAppState.cs: dd879bee3a6e5af3d4125fb39f7658a2 -> 
  custom:video-decoder-ogg-theora: a1e56fd34408186e4bbccfd4996cb3dc -> 
  custom:scripting/monoscript/fileName/UStateHandlerExample.cs: e2354a47a3578f345f469a64b7c2ae88 -> 
  custom:scripting/monoscript/fileName/TypeSpecCar.cs: 4ae669c0479d6ce0b8b48d42f088c449 -> 
  custom:framework-win-MediaFoundation: 216162199b28c13a410421893ffa2e32 -> 
  custom:scripting/monoscript/fileName/VRoadProWindow.cs: 5c5b5f6b5b4591c405e6482a71222208 -> 
  custom:scripting/monoscript/fileName/URunTraffic.cs: ecda640a73b5f1869b517619e1535e85 -> 
  custom:scripting/monoscript/fileName/UaPlaySim.cs: 961b6e95b7d27f67e651da849808769f -> 
  custom:CustomObjectIndexerAttribute: 756ad292c208cfabdd7b50bc23989ffe -> 
  custom:scripting/monoscript/fileName/UBuildMap.cs: ba6ca95d60e8dfb71d7ea960ed721b0a -> 
  custom:scripting/monoscript/fileName/UaCamControllerMain.cs: 608d6bfa8bce69f6af7eb0956d66c3f8 -> 
  custom:scripting/monoscript/fileName/Inspectable.cs: 8ead47a13b172630a7ed4c5efe8f13a0 -> 
  custom:container-demuxer-webm: 4f35f7cbe854078d1ac9338744f61a02 -> 
  custom:scripting/monoscript/fileName/UaMapMesh.cs: b66190f0285420f3bc2605dda63a5078 -> 
  custom:scripting/monoscript/fileName/UaBotHandler.cs: 795d79af38c398cb95c812b8006d49f7 -> 
  custom:scripting/monoscript/fileName/UaMapMeshMod.cs: c4833c742638c0c376d232484c33ef08 -> 
  custom:scripting/monoscript/fileName/UaMouse.cs: 990db2078e3ac352b1ad7f578047ae37 -> 
  custom:scripting/monoscript/fileName/TypeSpecTrailer.cs: c3ba11576f622c42f695f463ca32201e -> 
  custom:scripting/monoscript/fileName/VRoadEditorWindow.cs: 4521b77ca15c3f0d13a89bae499f7fad -> 
  custom:container-muxer-webm: aa71ff27fc2769a1b78a27578f13a17b -> 
  custom:scripting/monoscript/fileName/UPlaySimExamplePrefab.cs: d45adc0f0aa2cbdc230e508f78c98512 -> 
  custom:scripting/monoscript/fileName/SubMesh.cs: 97ce68bef3a65664402b82bdbf7ec7f2 -> 
  custom:video-decoder-webm-vp8: 9c59270c3fd7afecdb556c50c9e8de78 -> 
  custom:scripting/monoscript/fileName/MeshTools.cs: bc8e9953a6f81d796be6a4867efbeca6 -> 
  custom:SearchIndexIgnoredProperties: e643bd26f0fe6173181afceb89e7c659 -> 
  custom:AudioImporter_EditorPlatform: d09bf68614088b80899f8185d706f6e7 -> 
  custom:scripting/monoscript/fileName/XyzExtensions.cs: 699a038b2c4b7bdfd27595f05c673221 -> 
  custom:scripting/monoscript/fileName/ProOnlyDrawer.cs: 140c74f6d98aa6a2f75693f5a2cf72de -> 
  custom:scripting/monoscript/fileName/URunTrafficAndroid.cs: 13ba57ee74ec160ed8ca441a704aed81 -> 
  custom:scripting/monoscript/fileName/UPlaySimExample.cs: db2853e1d5d0b0b01a3cea3bd2175faa -> 
  custom:scripting/monoscript/fileName/SceneSaveMonitor.cs: 002ada5a09e4c3ea15cbb45620dd9ea4 -> 
  custom:scripting/monoscript/fileName/NamedSubMesh.cs: f9f93af626b46fe3d18408f6771d72b8 -> 
  custom:scripting/monoscript/fileName/TypeSpecTruck.cs: 4e1a951ed4ac097814c5926b8bcf0bd6 -> 
  custom:video-encoder-webm-vp8: eb34c28f22e8b96e1ab97ce403110664 -> 
  custom:scripting/monoscript/fileName/UExitHandler.cs: 65b422a42c87c5906ca5ab6c9917cd3f -> 
  custom:scripting/monoscript/fileName/ReadOnlyDrawer.cs: b26c4fb1328166ff0500ab0eb78a23c9 -> 
  custom:scripting/monoscript/fileName/AnimatorPedEventReceiver.cs: 02970d66fc89aa32d11fbf4ed57b2393 -> 
  custom:audio-decoder-ogg-vorbis: bf7c407c2cedff20999df2af8eb42d56 -> 
  custom:scripting/monoscript/fileName/UExternalReporterExample.cs: b47dced26726bc1c6cca3385d51d545e -> 
  custom:scripting/monoscript/fileName/UaGamePad.cs: c009e1ef2c316b725495851113c4bcc1 -> 
  custom:scripting/monoscript/fileName/UComment.cs: 2f18d587f279c5c266364d1be9c69d89 -> 
  custom:scripting/monoscript/fileName/UaStateHandler.cs: 2c899633784028fc2ed2ec0f88d26ad5 -> 
  custom:scripting/monoscript/fileName/VRoadWindow.cs: 9b3e75131f5e1d1006211fcab64dc0d7 -> 
  custom:scripting/monoscript/fileName/RoofWrapper.cs: 1e67134df3309cf12ec355d1e5f72a72 -> 
  custom:scripting/monoscript/fileName/UCamControllerExample.cs: d60969678431ad1e2c929f367987fdf1 -> 
  custom:scripting/monoscript/fileName/UBotHandlerExample.cs: a6b4b3b74faa6205a93a9c9249a520f5 -> 
  custom:scripting/monoscript/fileName/UaExternalReporter.cs: 9f8124b70e002cfea54794948b421510 -> 
  custom:audio-encoder-webm-vorbis: bf7c407c2cedff20999df2af8eb42d56 -> 
  custom:scripting/monoscript/fileName/UMenuExample.cs: a5fe31719e8c44b99bec5f364b1a80dc -> 
  custom:scripting/monoscript/fileName/ExternalMapBuilder.cs: e8b19924eeafd6b5db8da6982614af93 -> 
  custom:scripting/monoscript/fileName/UMapMeshExample.cs: aaf935164b4a0db731a09f13538b3a9f -> 
  custom:scripting/monoscript/fileName/SA.cs: 2a89a45dff2f5d604c0dc515647f54f9 -> 
========================================================================
Received Prepare
Begin MonoManager ReloadAssembly
- Loaded All Assemblies, in  0.495 seconds
Refreshing native plugins compatible for Editor in 3.63 ms, found 3 plugins.
Native extension for WindowsStandalone target not found
Native extension for WebGL target not found
[Package Manager] Server::EnsureServerProcessIsRunning -- launch failed, reason: Unity was launched with the -noUpm command-line argument
[Package Manager] UpmClient::Send -- Unable to send message (not connected to UPM process).
[Package Manager] Cannot connect to Unity Package Manager local server
Mono: successfully reloaded assembly
- Finished resetting the current domain, in  1.164 seconds
Domain Reload Profiling: 1656ms
	BeginReloadAssembly (166ms)
		ExecutionOrderSort (0ms)
		DisableScriptedObjects (7ms)
		BackupInstance (0ms)
		ReleaseScriptingObjects (0ms)
		CreateAndSetChildDomain (35ms)
	RebuildCommonClasses (34ms)
	RebuildNativeTypeToScriptingClass (12ms)
	initialDomainReloadingComplete (32ms)
	LoadAllAssembliesAndSetupDomain (248ms)
		LoadAssemblies (321ms)
		RebuildTransferFunctionScriptingTraits (0ms)
		AnalyzeDomain (14ms)
			TypeCache.Refresh (8ms)
				TypeCache.ScanAssembly (0ms)
			ScanForSourceGeneratedMonoScriptInfo (0ms)
			ResolveRequiredComponents (5ms)
	FinalizeReload (1165ms)
		ReleaseScriptCaches (0ms)
		RebuildScriptCaches (0ms)
		SetupLoadedEditorAssemblies (617ms)
			LogAssemblyErrors (0ms)
			InitializePlatformSupportModulesInManaged (9ms)
			SetLoadedEditorAssemblies (5ms)
			RefreshPlugins (0ms)
			BeforeProcessingInitializeOnLoad (120ms)
			ProcessInitializeOnLoadAttributes (453ms)
			ProcessInitializeOnLoadMethodAttributes (22ms)
			AfterProcessingInitializeOnLoad (8ms)
			EditorAssembliesLoaded (0ms)
		ExecutionOrderSort2 (0ms)
		AwakeInstancesAfterBackupRestoration (7ms)
Refreshing native plugins compatible for Editor in 3.48 ms, found 3 plugins.
Preloading 0 native plugins for Editor in 0.00 ms.
Unloading 3440 Unused Serialized files (Serialized files now loaded: 0)
Unloading 22 unused Assets / (30.2 KB). Loaded Objects now: 3950.
Memory consumption went from 136.9 MB to 136.9 MB.
Total: 13.718400 ms (FindLiveObjects: 0.386400 ms CreateObjectMapping: 0.370700 ms MarkObjects: 12.892000 ms  DeleteObjects: 0.067700 ms)

Prepare: number of updated asset objects reloaded= 0
AssetImportParameters requested are different than current active one (requested -> active):
  custom:scripting/monoscript/fileName/ProOnlyRangeDrawer.cs: 06dbe8928c84ff230293cb0233df1ecf -> 
  custom:scripting/monoscript/fileName/UMouseExample.cs: 06ff0cf67586c692ac70428e7b92deb0 -> 
  custom:container-demuxer-ogg: 62fdf1f143b41e24485cea50d1cbac27 -> 
  custom:scripting/monoscript/fileName/UaMenu.cs: 82495984b996c9bd458f6dae6952899d -> 
  custom:scripting/monoscript/fileName/TypeSpecBus.cs: bdf891ea43972f99bd350e20e54e2548 -> 
  custom:scripting/monoscript/fileName/LUAppState.cs: dd879bee3a6e5af3d4125fb39f7658a2 -> 
  custom:video-decoder-ogg-theora: a1e56fd34408186e4bbccfd4996cb3dc -> 
  custom:scripting/monoscript/fileName/UStateHandlerExample.cs: e2354a47a3578f345f469a64b7c2ae88 -> 
  custom:scripting/monoscript/fileName/TypeSpecCar.cs: 4ae669c0479d6ce0b8b48d42f088c449 -> 
  custom:framework-win-MediaFoundation: 216162199b28c13a410421893ffa2e32 -> 
  custom:scripting/monoscript/fileName/VRoadProWindow.cs: 5c5b5f6b5b4591c405e6482a71222208 -> 
  custom:scripting/monoscript/fileName/URunTraffic.cs: ecda640a73b5f1869b517619e1535e85 -> 
  custom:scripting/monoscript/fileName/UaPlaySim.cs: 961b6e95b7d27f67e651da849808769f -> 
  custom:CustomObjectIndexerAttribute: 756ad292c208cfabdd7b50bc23989ffe -> 
  custom:scripting/monoscript/fileName/UBuildMap.cs: ba6ca95d60e8dfb71d7ea960ed721b0a -> 
  custom:scripting/monoscript/fileName/UaCamControllerMain.cs: 608d6bfa8bce69f6af7eb0956d66c3f8 -> 
  custom:scripting/monoscript/fileName/Inspectable.cs: 8ead47a13b172630a7ed4c5efe8f13a0 -> 
  custom:container-demuxer-webm: 4f35f7cbe854078d1ac9338744f61a02 -> 
  custom:scripting/monoscript/fileName/UaMapMesh.cs: b66190f0285420f3bc2605dda63a5078 -> 
  custom:scripting/monoscript/fileName/UaBotHandler.cs: 795d79af38c398cb95c812b8006d49f7 -> 
  custom:scripting/monoscript/fileName/UaMapMeshMod.cs: c4833c742638c0c376d232484c33ef08 -> 
  custom:scripting/monoscript/fileName/UaMouse.cs: 990db2078e3ac352b1ad7f578047ae37 -> 
  custom:scripting/monoscript/fileName/TypeSpecTrailer.cs: c3ba11576f622c42f695f463ca32201e -> 
  custom:scripting/monoscript/fileName/VRoadEditorWindow.cs: 4521b77ca15c3f0d13a89bae499f7fad -> 
  custom:container-muxer-webm: aa71ff27fc2769a1b78a27578f13a17b -> 
  custom:scripting/monoscript/fileName/UPlaySimExamplePrefab.cs: d45adc0f0aa2cbdc230e508f78c98512 -> 
  custom:scripting/monoscript/fileName/SubMesh.cs: 97ce68bef3a65664402b82bdbf7ec7f2 -> 
  custom:video-decoder-webm-vp8: 9c59270c3fd7afecdb556c50c9e8de78 -> 
  custom:scripting/monoscript/fileName/MeshTools.cs: bc8e9953a6f81d796be6a4867efbeca6 -> 
  custom:SearchIndexIgnoredProperties: e643bd26f0fe6173181afceb89e7c659 -> 
  custom:AudioImporter_EditorPlatform: d09bf68614088b80899f8185d706f6e7 -> 
  custom:scripting/monoscript/fileName/XyzExtensions.cs: 699a038b2c4b7bdfd27595f05c673221 -> 
  custom:scripting/monoscript/fileName/ProOnlyDrawer.cs: 140c74f6d98aa6a2f75693f5a2cf72de -> 
  custom:scripting/monoscript/fileName/URunTrafficAndroid.cs: 13ba57ee74ec160ed8ca441a704aed81 -> 
  custom:scripting/monoscript/fileName/UPlaySimExample.cs: db2853e1d5d0b0b01a3cea3bd2175faa -> 
  custom:scripting/monoscript/fileName/SceneSaveMonitor.cs: 002ada5a09e4c3ea15cbb45620dd9ea4 -> 
  custom:scripting/monoscript/fileName/NamedSubMesh.cs: f9f93af626b46fe3d18408f6771d72b8 -> 
  custom:scripting/monoscript/fileName/TypeSpecTruck.cs: 4e1a951ed4ac097814c5926b8bcf0bd6 -> 
  custom:video-encoder-webm-vp8: eb34c28f22e8b96e1ab97ce403110664 -> 
  custom:scripting/monoscript/fileName/UExitHandler.cs: 65b422a42c87c5906ca5ab6c9917cd3f -> 
  custom:scripting/monoscript/fileName/ReadOnlyDrawer.cs: b26c4fb1328166ff0500ab0eb78a23c9 -> 
  custom:scripting/monoscript/fileName/AnimatorPedEventReceiver.cs: 02970d66fc89aa32d11fbf4ed57b2393 -> 
  custom:audio-decoder-ogg-vorbis: bf7c407c2cedff20999df2af8eb42d56 -> 
  custom:scripting/monoscript/fileName/UExternalReporterExample.cs: b47dced26726bc1c6cca3385d51d545e -> 
  custom:scripting/monoscript/fileName/UaGamePad.cs: c009e1ef2c316b725495851113c4bcc1 -> 
  custom:scripting/monoscript/fileName/UComment.cs: 2f18d587f279c5c266364d1be9c69d89 -> 
  custom:scripting/monoscript/fileName/UaStateHandler.cs: 2c899633784028fc2ed2ec0f88d26ad5 -> 
  custom:scripting/monoscript/fileName/VRoadWindow.cs: 9b3e75131f5e1d1006211fcab64dc0d7 -> 
  custom:scripting/monoscript/fileName/RoofWrapper.cs: 1e67134df3309cf12ec355d1e5f72a72 -> 
  custom:scripting/monoscript/fileName/UCamControllerExample.cs: d60969678431ad1e2c929f367987fdf1 -> 
  custom:scripting/monoscript/fileName/UBotHandlerExample.cs: a6b4b3b74faa6205a93a9c9249a520f5 -> 
  custom:scripting/monoscript/fileName/UaExternalReporter.cs: 9f8124b70e002cfea54794948b421510 -> 
  custom:audio-encoder-webm-vorbis: bf7c407c2cedff20999df2af8eb42d56 -> 
  custom:scripting/monoscript/fileName/UMenuExample.cs: a5fe31719e8c44b99bec5f364b1a80dc -> 
  custom:scripting/monoscript/fileName/ExternalMapBuilder.cs: e8b19924eeafd6b5db8da6982614af93 -> 
  custom:scripting/monoscript/fileName/UMapMeshExample.cs: aaf935164b4a0db731a09f13538b3a9f -> 
  custom:scripting/monoscript/fileName/SA.cs: 2a89a45dff2f5d604c0dc515647f54f9 -> 
========================================================================
Received Prepare
Begin MonoManager ReloadAssembly
- Loaded All Assemblies, in  0.522 seconds
Refreshing native plugins compatible for Editor in 3.73 ms, found 3 plugins.
Native extension for WindowsStandalone target not found
Native extension for WebGL target not found
[Package Manager] Server::EnsureServerProcessIsRunning -- launch failed, reason: Unity was launched with the -noUpm command-line argument
[Package Manager] UpmClient::Send -- Unable to send message (not connected to UPM process).
[Package Manager] Cannot connect to Unity Package Manager local server
Mono: successfully reloaded assembly
- Finished resetting the current domain, in  1.035 seconds
Domain Reload Profiling: 1555ms
	BeginReloadAssembly (178ms)
		ExecutionOrderSort (0ms)
		DisableScriptedObjects (6ms)
		BackupInstance (0ms)
		ReleaseScriptingObjects (0ms)
		CreateAndSetChildDomain (47ms)
	RebuildCommonClasses (34ms)
	RebuildNativeTypeToScriptingClass (12ms)
	initialDomainReloadingComplete (29ms)
	LoadAllAssembliesAndSetupDomain (266ms)
		LoadAssemblies (329ms)
		RebuildTransferFunctionScriptingTraits (0ms)
		AnalyzeDomain (27ms)
			TypeCache.Refresh (8ms)
				TypeCache.ScanAssembly (0ms)
			ScanForSourceGeneratedMonoScriptInfo (12ms)
			ResolveRequiredComponents (5ms)
	FinalizeReload (1036ms)
		ReleaseScriptCaches (0ms)
		RebuildScriptCaches (0ms)
		SetupLoadedEditorAssemblies (522ms)
			LogAssemblyErrors (0ms)
			InitializePlatformSupportModulesInManaged (8ms)
			SetLoadedEditorAssemblies (6ms)
			RefreshPlugins (0ms)
			BeforeProcessingInitializeOnLoad (105ms)
			ProcessInitializeOnLoadAttributes (378ms)
			ProcessInitializeOnLoadMethodAttributes (18ms)
			AfterProcessingInitializeOnLoad (8ms)
			EditorAssembliesLoaded (0ms)
		ExecutionOrderSort2 (0ms)
		AwakeInstancesAfterBackupRestoration (7ms)
Refreshing native plugins compatible for Editor in 3.43 ms, found 3 plugins.
Preloading 0 native plugins for Editor in 0.00 ms.
Unloading 3441 Unused Serialized files (Serialized files now loaded: 0)
Unloading 22 unused Assets / (30.3 KB). Loaded Objects now: 3954.
Memory consumption went from 136.9 MB to 136.9 MB.
Total: 3.072900 ms (FindLiveObjects: 0.237900 ms CreateObjectMapping: 0.165300 ms MarkObjects: 2.635900 ms  DeleteObjects: 0.033200 ms)

Prepare: number of updated asset objects reloaded= 0
AssetImportParameters requested are different than current active one (requested -> active):
  custom:scripting/monoscript/fileName/ProOnlyRangeDrawer.cs: 06dbe8928c84ff230293cb0233df1ecf -> 
  custom:scripting/monoscript/fileName/UMouseExample.cs: 06ff0cf67586c692ac70428e7b92deb0 -> 
  custom:container-demuxer-ogg: 62fdf1f143b41e24485cea50d1cbac27 -> 
  custom:scripting/monoscript/fileName/UaMenu.cs: 82495984b996c9bd458f6dae6952899d -> 
  custom:scripting/monoscript/fileName/TypeSpecBus.cs: bdf891ea43972f99bd350e20e54e2548 -> 
  custom:scripting/monoscript/fileName/LUAppState.cs: dd879bee3a6e5af3d4125fb39f7658a2 -> 
  custom:video-decoder-ogg-theora: a1e56fd34408186e4bbccfd4996cb3dc -> 
  custom:scripting/monoscript/fileName/UStateHandlerExample.cs: e2354a47a3578f345f469a64b7c2ae88 -> 
  custom:scripting/monoscript/fileName/TypeSpecCar.cs: 4ae669c0479d6ce0b8b48d42f088c449 -> 
  custom:framework-win-MediaFoundation: 216162199b28c13a410421893ffa2e32 -> 
  custom:scripting/monoscript/fileName/VRoadProWindow.cs: 5c5b5f6b5b4591c405e6482a71222208 -> 
  custom:scripting/monoscript/fileName/URunTraffic.cs: ecda640a73b5f1869b517619e1535e85 -> 
  custom:scripting/monoscript/fileName/UaPlaySim.cs: 961b6e95b7d27f67e651da849808769f -> 
  custom:CustomObjectIndexerAttribute: 756ad292c208cfabdd7b50bc23989ffe -> 
  custom:scripting/monoscript/fileName/UBuildMap.cs: ba6ca95d60e8dfb71d7ea960ed721b0a -> 
  custom:scripting/monoscript/fileName/UaCamControllerMain.cs: 608d6bfa8bce69f6af7eb0956d66c3f8 -> 
  custom:scripting/monoscript/fileName/Inspectable.cs: 8ead47a13b172630a7ed4c5efe8f13a0 -> 
  custom:container-demuxer-webm: 4f35f7cbe854078d1ac9338744f61a02 -> 
  custom:scripting/monoscript/fileName/UaMapMesh.cs: b66190f0285420f3bc2605dda63a5078 -> 
  custom:scripting/monoscript/fileName/UaBotHandler.cs: 795d79af38c398cb95c812b8006d49f7 -> 
  custom:scripting/monoscript/fileName/UaMapMeshMod.cs: c4833c742638c0c376d232484c33ef08 -> 
  custom:scripting/monoscript/fileName/UaMouse.cs: 990db2078e3ac352b1ad7f578047ae37 -> 
  custom:scripting/monoscript/fileName/TypeSpecTrailer.cs: c3ba11576f622c42f695f463ca32201e -> 
  custom:scripting/monoscript/fileName/VRoadEditorWindow.cs: 4521b77ca15c3f0d13a89bae499f7fad -> 
  custom:container-muxer-webm: aa71ff27fc2769a1b78a27578f13a17b -> 
  custom:scripting/monoscript/fileName/UPlaySimExamplePrefab.cs: d45adc0f0aa2cbdc230e508f78c98512 -> 
  custom:scripting/monoscript/fileName/SubMesh.cs: 97ce68bef3a65664402b82bdbf7ec7f2 -> 
  custom:video-decoder-webm-vp8: 9c59270c3fd7afecdb556c50c9e8de78 -> 
  custom:scripting/monoscript/fileName/MeshTools.cs: bc8e9953a6f81d796be6a4867efbeca6 -> 
  custom:SearchIndexIgnoredProperties: e643bd26f0fe6173181afceb89e7c659 -> 
  custom:AudioImporter_EditorPlatform: d09bf68614088b80899f8185d706f6e7 -> 
  custom:scripting/monoscript/fileName/XyzExtensions.cs: 699a038b2c4b7bdfd27595f05c673221 -> 
  custom:scripting/monoscript/fileName/ProOnlyDrawer.cs: 140c74f6d98aa6a2f75693f5a2cf72de -> 
  custom:scripting/monoscript/fileName/URunTrafficAndroid.cs: 13ba57ee74ec160ed8ca441a704aed81 -> 
  custom:scripting/monoscript/fileName/UPlaySimExample.cs: db2853e1d5d0b0b01a3cea3bd2175faa -> 
  custom:scripting/monoscript/fileName/SceneSaveMonitor.cs: 002ada5a09e4c3ea15cbb45620dd9ea4 -> 
  custom:scripting/monoscript/fileName/NamedSubMesh.cs: f9f93af626b46fe3d18408f6771d72b8 -> 
  custom:scripting/monoscript/fileName/TypeSpecTruck.cs: 4e1a951ed4ac097814c5926b8bcf0bd6 -> 
  custom:video-encoder-webm-vp8: eb34c28f22e8b96e1ab97ce403110664 -> 
  custom:scripting/monoscript/fileName/UExitHandler.cs: 65b422a42c87c5906ca5ab6c9917cd3f -> 
  custom:scripting/monoscript/fileName/ReadOnlyDrawer.cs: b26c4fb1328166ff0500ab0eb78a23c9 -> 
  custom:scripting/monoscript/fileName/AnimatorPedEventReceiver.cs: 02970d66fc89aa32d11fbf4ed57b2393 -> 
  custom:audio-decoder-ogg-vorbis: bf7c407c2cedff20999df2af8eb42d56 -> 
  custom:scripting/monoscript/fileName/UExternalReporterExample.cs: b47dced26726bc1c6cca3385d51d545e -> 
  custom:scripting/monoscript/fileName/UaGamePad.cs: c009e1ef2c316b725495851113c4bcc1 -> 
  custom:scripting/monoscript/fileName/UComment.cs: 2f18d587f279c5c266364d1be9c69d89 -> 
  custom:scripting/monoscript/fileName/UaStateHandler.cs: 2c899633784028fc2ed2ec0f88d26ad5 -> 
  custom:scripting/monoscript/fileName/VRoadWindow.cs: 9b3e75131f5e1d1006211fcab64dc0d7 -> 
  custom:scripting/monoscript/fileName/RoofWrapper.cs: 1e67134df3309cf12ec355d1e5f72a72 -> 
  custom:scripting/monoscript/fileName/UCamControllerExample.cs: d60969678431ad1e2c929f367987fdf1 -> 
  custom:scripting/monoscript/fileName/UBotHandlerExample.cs: a6b4b3b74faa6205a93a9c9249a520f5 -> 
  custom:scripting/monoscript/fileName/UaExternalReporter.cs: 9f8124b70e002cfea54794948b421510 -> 
  custom:audio-encoder-webm-vorbis: bf7c407c2cedff20999df2af8eb42d56 -> 
  custom:scripting/monoscript/fileName/UMenuExample.cs: a5fe31719e8c44b99bec5f364b1a80dc -> 
  custom:scripting/monoscript/fileName/ExternalMapBuilder.cs: e8b19924eeafd6b5db8da6982614af93 -> 
  custom:scripting/monoscript/fileName/UMapMeshExample.cs: aaf935164b4a0db731a09f13538b3a9f -> 
  custom:scripting/monoscript/fileName/SA.cs: 2a89a45dff2f5d604c0dc515647f54f9 -> 
========================================================================
Received Import Request.
  Time since last request: 226.527162 seconds.
  path: Assets/Prefabs/Car 1.prefab
  artifactKey: Guid(3406cc49dba03774f8b27986dc9ce61d) Importer(815301076,1909f56bfc062723c751e8b465ee728b)
Start importing Assets/Prefabs/Car 1.prefab using Guid(3406cc49dba03774f8b27986dc9ce61d) Importer(815301076,1909f56bfc062723c751e8b465ee728b)  -> (artifact id: 'feb326349dbf085e3c21c55cbd123810') in 0.086322 seconds
Number of updated asset objects reloaded before import = 0
Number of asset objects unloaded after import = 38
========================================================================
Received Import Request.
  Time since last request: 108.355190 seconds.
  path: Assets/Prefabs/Car 1.prefab
  artifactKey: Guid(3406cc49dba03774f8b27986dc9ce61d) Importer(815301076,1909f56bfc062723c751e8b465ee728b)
Start importing Assets/Prefabs/Car 1.prefab using Guid(3406cc49dba03774f8b27986dc9ce61d) Importer(815301076,1909f56bfc062723c751e8b465ee728b)  -> (artifact id: 'c7234baf572b6f896d1715e6cdfa4355') in 0.020050 seconds
Number of updated asset objects reloaded before import = 0
Number of asset objects unloaded after import = 38
========================================================================
Received Prepare
Begin MonoManager ReloadAssembly
- Loaded All Assemblies, in  0.711 seconds
Refreshing native plugins compatible for Editor in 5.42 ms, found 3 plugins.
Native extension for WindowsStandalone target not found
Native extension for WebGL target not found
[Package Manager] Server::EnsureServerProcessIsRunning -- launch failed, reason: Unity was launched with the -noUpm command-line argument
[Package Manager] UpmClient::Send -- Unable to send message (not connected to UPM process).
[Package Manager] Cannot connect to Unity Package Manager local server
Mono: successfully reloaded assembly
- Finished resetting the current domain, in  1.416 seconds
Domain Reload Profiling: 2124ms
	BeginReloadAssembly (237ms)
		ExecutionOrderSort (0ms)
		DisableScriptedObjects (9ms)
		BackupInstance (0ms)
		ReleaseScriptingObjects (0ms)
		CreateAndSetChildDomain (54ms)
	RebuildCommonClasses (46ms)
	RebuildNativeTypeToScriptingClass (22ms)
	initialDomainReloadingComplete (45ms)
	LoadAllAssembliesAndSetupDomain (357ms)
		LoadAssemblies (444ms)
		RebuildTransferFunctionScriptingTraits (0ms)
		AnalyzeDomain (44ms)
			TypeCache.Refresh (11ms)
				TypeCache.ScanAssembly (0ms)
			ScanForSourceGeneratedMonoScriptInfo (22ms)
			ResolveRequiredComponents (9ms)
	FinalizeReload (1417ms)
		ReleaseScriptCaches (0ms)
		RebuildScriptCaches (0ms)
		SetupLoadedEditorAssemblies (759ms)
			LogAssemblyErrors (0ms)
			InitializePlatformSupportModulesInManaged (12ms)
			SetLoadedEditorAssemblies (8ms)
			RefreshPlugins (0ms)
			BeforeProcessingInitializeOnLoad (153ms)
			ProcessInitializeOnLoadAttributes (555ms)
			ProcessInitializeOnLoadMethodAttributes (23ms)
			AfterProcessingInitializeOnLoad (8ms)
			EditorAssembliesLoaded (0ms)
		ExecutionOrderSort2 (0ms)
		AwakeInstancesAfterBackupRestoration (9ms)
Refreshing native plugins compatible for Editor in 5.99 ms, found 3 plugins.
Preloading 0 native plugins for Editor in 0.00 ms.
Unloading 3441 Unused Serialized files (Serialized files now loaded: 0)
Unloading 22 unused Assets / (30.2 KB). Loaded Objects now: 3957.
Memory consumption went from 136.9 MB to 136.9 MB.
Total: 3.765600 ms (FindLiveObjects: 0.394500 ms CreateObjectMapping: 0.343500 ms MarkObjects: 2.967700 ms  DeleteObjects: 0.058500 ms)

Prepare: number of updated asset objects reloaded= 0
AssetImportParameters requested are different than current active one (requested -> active):
  custom:scripting/monoscript/fileName/ProOnlyRangeDrawer.cs: 06dbe8928c84ff230293cb0233df1ecf -> 
  custom:scripting/monoscript/fileName/UMouseExample.cs: 06ff0cf67586c692ac70428e7b92deb0 -> 
  custom:container-demuxer-ogg: 62fdf1f143b41e24485cea50d1cbac27 -> 
  custom:scripting/monoscript/fileName/UaMenu.cs: 82495984b996c9bd458f6dae6952899d -> 
  custom:scripting/monoscript/fileName/TypeSpecBus.cs: bdf891ea43972f99bd350e20e54e2548 -> 
  custom:scripting/monoscript/fileName/LUAppState.cs: dd879bee3a6e5af3d4125fb39f7658a2 -> 
  custom:video-decoder-ogg-theora: a1e56fd34408186e4bbccfd4996cb3dc -> 
  custom:scripting/monoscript/fileName/UStateHandlerExample.cs: e2354a47a3578f345f469a64b7c2ae88 -> 
  custom:scripting/monoscript/fileName/TypeSpecCar.cs: 4ae669c0479d6ce0b8b48d42f088c449 -> 
  custom:framework-win-MediaFoundation: 216162199b28c13a410421893ffa2e32 -> 
  custom:scripting/monoscript/fileName/VRoadProWindow.cs: 5c5b5f6b5b4591c405e6482a71222208 -> 
  custom:scripting/monoscript/fileName/URunTraffic.cs: ecda640a73b5f1869b517619e1535e85 -> 
  custom:scripting/monoscript/fileName/UaPlaySim.cs: 961b6e95b7d27f67e651da849808769f -> 
  custom:CustomObjectIndexerAttribute: 756ad292c208cfabdd7b50bc23989ffe -> 
  custom:scripting/monoscript/fileName/UBuildMap.cs: ba6ca95d60e8dfb71d7ea960ed721b0a -> 
  custom:scripting/monoscript/fileName/UaCamControllerMain.cs: 608d6bfa8bce69f6af7eb0956d66c3f8 -> 
  custom:scripting/monoscript/fileName/Inspectable.cs: 8ead47a13b172630a7ed4c5efe8f13a0 -> 
  custom:container-demuxer-webm: 4f35f7cbe854078d1ac9338744f61a02 -> 
  custom:scripting/monoscript/fileName/UaMapMesh.cs: b66190f0285420f3bc2605dda63a5078 -> 
  custom:scripting/monoscript/fileName/UaBotHandler.cs: 795d79af38c398cb95c812b8006d49f7 -> 
  custom:scripting/monoscript/fileName/UaMapMeshMod.cs: c4833c742638c0c376d232484c33ef08 -> 
  custom:scripting/monoscript/fileName/UaMouse.cs: 990db2078e3ac352b1ad7f578047ae37 -> 
  custom:scripting/monoscript/fileName/TypeSpecTrailer.cs: c3ba11576f622c42f695f463ca32201e -> 
  custom:scripting/monoscript/fileName/VRoadEditorWindow.cs: 4521b77ca15c3f0d13a89bae499f7fad -> 
  custom:container-muxer-webm: aa71ff27fc2769a1b78a27578f13a17b -> 
  custom:scripting/monoscript/fileName/UPlaySimExamplePrefab.cs: d45adc0f0aa2cbdc230e508f78c98512 -> 
  custom:scripting/monoscript/fileName/SubMesh.cs: 97ce68bef3a65664402b82bdbf7ec7f2 -> 
  custom:video-decoder-webm-vp8: 9c59270c3fd7afecdb556c50c9e8de78 -> 
  custom:scripting/monoscript/fileName/MeshTools.cs: bc8e9953a6f81d796be6a4867efbeca6 -> 
  custom:SearchIndexIgnoredProperties: e643bd26f0fe6173181afceb89e7c659 -> 
  custom:AudioImporter_EditorPlatform: d09bf68614088b80899f8185d706f6e7 -> 
  custom:scripting/monoscript/fileName/XyzExtensions.cs: 699a038b2c4b7bdfd27595f05c673221 -> 
  custom:scripting/monoscript/fileName/ProOnlyDrawer.cs: 140c74f6d98aa6a2f75693f5a2cf72de -> 
  custom:scripting/monoscript/fileName/URunTrafficAndroid.cs: 13ba57ee74ec160ed8ca441a704aed81 -> 
  custom:scripting/monoscript/fileName/UPlaySimExample.cs: db2853e1d5d0b0b01a3cea3bd2175faa -> 
  custom:scripting/monoscript/fileName/SceneSaveMonitor.cs: 002ada5a09e4c3ea15cbb45620dd9ea4 -> 
  custom:scripting/monoscript/fileName/NamedSubMesh.cs: f9f93af626b46fe3d18408f6771d72b8 -> 
  custom:scripting/monoscript/fileName/TypeSpecTruck.cs: 4e1a951ed4ac097814c5926b8bcf0bd6 -> 
  custom:video-encoder-webm-vp8: eb34c28f22e8b96e1ab97ce403110664 -> 
  custom:scripting/monoscript/fileName/UExitHandler.cs: 65b422a42c87c5906ca5ab6c9917cd3f -> 
  custom:scripting/monoscript/fileName/ReadOnlyDrawer.cs: b26c4fb1328166ff0500ab0eb78a23c9 -> 
  custom:scripting/monoscript/fileName/AnimatorPedEventReceiver.cs: 02970d66fc89aa32d11fbf4ed57b2393 -> 
  custom:audio-decoder-ogg-vorbis: bf7c407c2cedff20999df2af8eb42d56 -> 
  custom:scripting/monoscript/fileName/UExternalReporterExample.cs: b47dced26726bc1c6cca3385d51d545e -> 
  custom:scripting/monoscript/fileName/UaGamePad.cs: c009e1ef2c316b725495851113c4bcc1 -> 
  custom:scripting/monoscript/fileName/UComment.cs: 2f18d587f279c5c266364d1be9c69d89 -> 
  custom:scripting/monoscript/fileName/UaStateHandler.cs: 2c899633784028fc2ed2ec0f88d26ad5 -> 
  custom:scripting/monoscript/fileName/VRoadWindow.cs: 9b3e75131f5e1d1006211fcab64dc0d7 -> 
  custom:scripting/monoscript/fileName/RoofWrapper.cs: 1e67134df3309cf12ec355d1e5f72a72 -> 
  custom:scripting/monoscript/fileName/UCamControllerExample.cs: d60969678431ad1e2c929f367987fdf1 -> 
  custom:scripting/monoscript/fileName/UBotHandlerExample.cs: a6b4b3b74faa6205a93a9c9249a520f5 -> 
  custom:scripting/monoscript/fileName/UaExternalReporter.cs: 9f8124b70e002cfea54794948b421510 -> 
  custom:audio-encoder-webm-vorbis: bf7c407c2cedff20999df2af8eb42d56 -> 
  custom:scripting/monoscript/fileName/UMenuExample.cs: a5fe31719e8c44b99bec5f364b1a80dc -> 
  custom:scripting/monoscript/fileName/ExternalMapBuilder.cs: e8b19924eeafd6b5db8da6982614af93 -> 
  custom:scripting/monoscript/fileName/UMapMeshExample.cs: aaf935164b4a0db731a09f13538b3a9f -> 
  custom:scripting/monoscript/fileName/SA.cs: 2a89a45dff2f5d604c0dc515647f54f9 -> 
